0 verbose cli D:\JR\node.exe C:\Users\JD Tobias\AppData\Roaming\npm\node_modules\npm\bin\npm-cli.js
1 info using npm@10.8.3
2 info using node@v21.7.3
3 silly config load:file:C:\Users\JD Tobias\AppData\Roaming\npm\node_modules\npm\npmrc
4 silly config load:file:D:\Projects\jules-portfolio-v4\.npmrc
5 silly config load:file:C:\Users\JD Tobias\.npmrc
6 silly config load:file:C:\Users\JD Tobias\AppData\Roaming\npm\etc\npmrc
7 verbose title npm install
8 verbose argv "install" "--loglevel" "error" "--legacy-peer-deps"
9 verbose logfile logs-max:10 dir:D:\Projects\jules-portfolio-v4\_logs\2025-01-19T12_21_05_621Z-
10 verbose logfile D:\Projects\jules-portfolio-v4\_logs\2025-01-19T12_21_05_621Z-debug-0.log
11 silly packumentCache heap:4345298944 maxSize:1086324736 maxEntrySize:543162368
12 silly logfile done cleaning log files
13 silly idealTree buildDeps
14 silly fetch manifest vue@^2.6.14
15 silly packumentCache full:https://registry.npmmirror.com/vue cache-miss
16 http fetch GET 200 https://registry.npmmirror.com/vue 1594ms (cache miss)
17 silly packumentCache full:https://registry.npmmirror.com/vue set size:354938 disposed:false
18 silly fetch manifest @babel/eslint-parser@^7.12.16
19 silly packumentCache full:https://registry.npmmirror.com/@babel%2feslint-parser cache-miss
20 http fetch GET 200 https://registry.npmmirror.com/@babel%2feslint-parser 1559ms (cache miss)
21 silly packumentCache full:https://registry.npmmirror.com/@babel%2feslint-parser set size:35579 disposed:false
22 silly fetch manifest eslint@^7.32.0
23 silly packumentCache full:https://registry.npmmirror.com/eslint cache-miss
24 http fetch GET 200 https://registry.npmmirror.com/eslint 190ms (cache miss)
25 silly packumentCache full:https://registry.npmmirror.com/eslint set size:191368 disposed:false
26 silly fetch manifest eslint-plugin-vue@^8.0.3
27 silly packumentCache full:https://registry.npmmirror.com/eslint-plugin-vue cache-miss
28 http fetch GET 200 https://registry.npmmirror.com/eslint-plugin-vue 458ms (cache miss)
29 silly packumentCache full:https://registry.npmmirror.com/eslint-plugin-vue set size:81983 disposed:false
30 silly fetch manifest vue-template-compiler@^2.6.14
31 silly packumentCache full:https://registry.npmmirror.com/vue-template-compiler cache-miss
32 http fetch GET 200 https://registry.npmmirror.com/vue-template-compiler 522ms (cache miss)
33 silly packumentCache full:https://registry.npmmirror.com/vue-template-compiler set size:60973 disposed:false
34 silly placeDep ROOT @babel/eslint-parser@7.26.5 OK for: jules-portfolio-v4@0.1.0 want: ^7.12.16
35 silly placeDep ROOT eslint@7.32.0 OK for: jules-portfolio-v4@0.1.0 want: ^7.32.0
36 silly placeDep ROOT eslint-plugin-vue@8.7.1 OK for: jules-portfolio-v4@0.1.0 want: ^8.0.3
37 silly placeDep ROOT vue@2.7.16 OK for: jules-portfolio-v4@0.1.0 want: ^2.6.14
38 silly placeDep ROOT vue-template-compiler@2.7.16 OK for: jules-portfolio-v4@0.1.0 want: ^2.6.14
39 silly fetch manifest eslint-visitor-keys@^2.1.0
40 silly packumentCache full:https://registry.npmmirror.com/eslint-visitor-keys cache-miss
41 silly fetch manifest @nicolo-ribaudo/eslint-scope-5-internals@5.1.1-v1
42 silly packumentCache full:https://registry.npmmirror.com/@nicolo-ribaudo%2feslint-scope-5-internals cache-miss
43 silly fetch manifest @babel/code-frame@7.12.11
44 silly packumentCache full:https://registry.npmmirror.com/@babel%2fcode-frame cache-miss
45 silly fetch manifest @eslint/eslintrc@^0.4.3
46 silly packumentCache full:https://registry.npmmirror.com/@eslint%2feslintrc cache-miss
47 silly fetch manifest @humanwhocodes/config-array@^0.5.0
48 silly packumentCache full:https://registry.npmmirror.com/@humanwhocodes%2fconfig-array cache-miss
49 http fetch GET 200 https://registry.npmmirror.com/@babel%2fcode-frame 17ms (cache hit)
50 silly packumentCache full:https://registry.npmmirror.com/@babel%2fcode-frame set size:153283 disposed:false
51 silly fetch manifest chalk@^4.0.0
52 silly packumentCache full:https://registry.npmmirror.com/chalk cache-miss
53 http fetch GET 200 https://registry.npmmirror.com/chalk 5ms (cache hit)
54 silly packumentCache full:https://registry.npmmirror.com/chalk set size:97474 disposed:false
55 silly fetch manifest cross-spawn@^7.0.2
56 silly packumentCache full:https://registry.npmmirror.com/cross-spawn cache-miss
57 http fetch GET 200 https://registry.npmmirror.com/cross-spawn 4ms (cache hit)
58 silly packumentCache full:https://registry.npmmirror.com/cross-spawn set size:108678 disposed:false
59 silly fetch manifest doctrine@^3.0.0
60 silly packumentCache full:https://registry.npmmirror.com/doctrine cache-miss
61 http fetch GET 200 https://registry.npmmirror.com/eslint-visitor-keys 454ms (cache miss)
62 silly packumentCache full:https://registry.npmmirror.com/eslint-visitor-keys set size:12480 disposed:false
63 silly fetch manifest enquirer@^2.3.5
64 silly packumentCache full:https://registry.npmmirror.com/enquirer cache-miss
65 http fetch GET 200 https://registry.npmmirror.com/@eslint%2feslintrc 494ms (cache miss)
66 silly packumentCache full:https://registry.npmmirror.com/@eslint%2feslintrc set size:27863 disposed:false
67 silly fetch manifest escape-string-regexp@^4.0.0
68 silly packumentCache full:https://registry.npmmirror.com/escape-string-regexp cache-miss
69 http fetch GET 200 https://registry.npmmirror.com/escape-string-regexp 4ms (cache hit)
70 silly packumentCache full:https://registry.npmmirror.com/escape-string-regexp set size:17683 disposed:false
71 silly fetch manifest eslint-utils@^2.1.0
72 silly packumentCache full:https://registry.npmmirror.com/eslint-utils cache-miss
73 http fetch GET 200 https://registry.npmmirror.com/@humanwhocodes%2fconfig-array 517ms (cache miss)
74 silly packumentCache full:https://registry.npmmirror.com/@humanwhocodes%2fconfig-array set size:32821 disposed:false
75 silly fetch manifest eslint-visitor-keys@^2.0.0
76 silly packumentCache full:https://registry.npmmirror.com/eslint-visitor-keys cache-hit
77 silly fetch manifest espree@^7.3.1
78 silly packumentCache full:https://registry.npmmirror.com/espree cache-miss
79 http fetch GET 200 https://registry.npmmirror.com/@nicolo-ribaudo%2feslint-scope-5-internals 523ms (cache miss)
80 silly packumentCache full:https://registry.npmmirror.com/@nicolo-ribaudo%2feslint-scope-5-internals set size:2634 disposed:false
81 silly fetch manifest esquery@^1.4.0
82 silly packumentCache full:https://registry.npmmirror.com/esquery cache-miss
83 http fetch GET 200 https://registry.npmmirror.com/doctrine 793ms (cache miss)
84 silly packumentCache full:https://registry.npmmirror.com/doctrine set size:12781 disposed:false
85 silly fetch manifest file-entry-cache@^6.0.1
86 silly packumentCache full:https://registry.npmmirror.com/file-entry-cache cache-miss
87 http fetch GET 200 https://registry.npmmirror.com/enquirer 438ms (cache miss)
88 silly packumentCache full:https://registry.npmmirror.com/enquirer set size:31047 disposed:false
89 silly fetch manifest functional-red-black-tree@^1.0.1
90 silly packumentCache full:https://registry.npmmirror.com/functional-red-black-tree cache-miss
91 http fetch GET 200 https://registry.npmmirror.com/eslint-utils 451ms (cache miss)
92 silly packumentCache full:https://registry.npmmirror.com/eslint-utils set size:6071 disposed:false
93 silly fetch manifest glob-parent@^5.1.2
94 silly packumentCache full:https://registry.npmmirror.com/glob-parent cache-miss
95 http fetch GET 200 https://registry.npmmirror.com/espree 439ms (cache miss)
96 silly packumentCache full:https://registry.npmmirror.com/espree set size:46759 disposed:false
97 silly fetch manifest globals@^13.6.0
98 silly packumentCache full:https://registry.npmmirror.com/globals cache-miss
99 http fetch GET 200 https://registry.npmmirror.com/glob-parent 12ms (cache hit)
100 silly packumentCache full:https://registry.npmmirror.com/glob-parent set size:34765 disposed:false
101 silly fetch manifest ignore@^4.0.6
102 silly packumentCache full:https://registry.npmmirror.com/ignore cache-miss
103 http fetch GET 200 https://registry.npmmirror.com/globals 11ms (cache hit)
104 silly packumentCache full:https://registry.npmmirror.com/globals set size:234015 disposed:false
105 silly fetch manifest imurmurhash@^0.1.4
106 silly packumentCache full:https://registry.npmmirror.com/imurmurhash cache-miss
107 http fetch GET 200 https://registry.npmmirror.com/ignore 19ms (cache hit)
108 silly packumentCache full:https://registry.npmmirror.com/ignore set size:205854 disposed:false
109 silly fetch manifest js-yaml@^3.13.1
110 silly packumentCache full:https://registry.npmmirror.com/js-yaml cache-miss
111 http fetch GET 200 https://registry.npmmirror.com/esquery 476ms (cache miss)
112 silly packumentCache full:https://registry.npmmirror.com/esquery set size:8550 disposed:false
113 silly fetch manifest json-stable-stringify-without-jsonify@^1.0.1
114 silly packumentCache full:https://registry.npmmirror.com/json-stable-stringify-without-jsonify cache-miss
115 http fetch GET 200 https://registry.npmmirror.com/file-entry-cache 480ms (cache miss)
116 silly packumentCache full:https://registry.npmmirror.com/file-entry-cache set size:17436 disposed:false
117 silly fetch manifest levn@^0.4.1
118 silly packumentCache full:https://registry.npmmirror.com/levn cache-miss
119 http fetch GET 200 https://registry.npmmirror.com/functional-red-black-tree 476ms (cache miss)
120 silly packumentCache full:https://registry.npmmirror.com/functional-red-black-tree set size:3999 disposed:false
121 silly fetch manifest lodash.merge@^4.6.2
122 silly packumentCache full:https://registry.npmmirror.com/lodash.merge cache-miss
123 http fetch GET 200 https://registry.npmmirror.com/imurmurhash 419ms (cache miss)
124 silly packumentCache full:https://registry.npmmirror.com/imurmurhash set size:3727 disposed:false
125 silly fetch manifest natural-compare@^1.4.0
126 silly packumentCache full:https://registry.npmmirror.com/natural-compare cache-miss
127 http fetch GET 200 https://registry.npmmirror.com/js-yaml 415ms (cache miss)
128 silly packumentCache full:https://registry.npmmirror.com/js-yaml set size:23636 disposed:false
129 silly fetch manifest optionator@^0.9.1
130 silly packumentCache full:https://registry.npmmirror.com/optionator cache-miss
131 http fetch GET 200 https://registry.npmmirror.com/levn 422ms (cache miss)
132 silly packumentCache full:https://registry.npmmirror.com/levn set size:7200 disposed:false
133 silly fetch manifest progress@^2.0.0
134 silly packumentCache full:https://registry.npmmirror.com/progress cache-miss
135 http fetch GET 200 https://registry.npmmirror.com/lodash.merge 420ms (cache miss)
136 silly packumentCache full:https://registry.npmmirror.com/lodash.merge set size:10640 disposed:false
137 silly fetch manifest regexpp@^3.1.0
138 silly packumentCache full:https://registry.npmmirror.com/regexpp cache-miss
139 http fetch GET 200 https://registry.npmmirror.com/natural-compare 421ms (cache miss)
140 silly packumentCache full:https://registry.npmmirror.com/natural-compare set size:3164 disposed:false
141 silly fetch manifest semver@^7.2.1
142 silly packumentCache full:https://registry.npmmirror.com/semver cache-miss
143 http fetch GET 200 https://registry.npmmirror.com/semver 9ms (cache hit)
144 silly packumentCache full:https://registry.npmmirror.com/semver set size:190089 disposed:false
145 silly fetch manifest strip-json-comments@^3.1.0
146 silly packumentCache full:https://registry.npmmirror.com/strip-json-comments cache-miss
147 http fetch GET 200 https://registry.npmmirror.com/optionator 427ms (cache miss)
148 silly packumentCache full:https://registry.npmmirror.com/optionator set size:12261 disposed:false
149 silly fetch manifest table@^6.0.9
150 silly packumentCache full:https://registry.npmmirror.com/table cache-miss
151 http fetch GET 200 https://registry.npmmirror.com/json-stable-stringify-without-jsonify 938ms (cache miss)
152 silly packumentCache full:https://registry.npmmirror.com/json-stable-stringify-without-jsonify set size:2302 disposed:false
153 silly fetch manifest text-table@^0.2.0
154 silly packumentCache full:https://registry.npmmirror.com/text-table cache-miss
155 http fetch GET 200 https://registry.npmmirror.com/progress 428ms (cache miss)
156 silly packumentCache full:https://registry.npmmirror.com/progress set size:6909 disposed:false
157 silly fetch manifest v8-compile-cache@^2.0.3
158 silly packumentCache full:https://registry.npmmirror.com/v8-compile-cache cache-miss
159 http fetch GET 200 https://registry.npmmirror.com/regexpp 410ms (cache miss)
160 silly packumentCache full:https://registry.npmmirror.com/regexpp set size:6858 disposed:false
161 silly fetch manifest eslint-utils@^3.0.0
162 silly packumentCache full:https://registry.npmmirror.com/eslint-utils cache-hit
163 silly fetch manifest semver@^7.3.5
164 silly packumentCache full:https://registry.npmmirror.com/semver cache-hit
165 silly fetch manifest vue-eslint-parser@^8.0.1
166 silly packumentCache full:https://registry.npmmirror.com/vue-eslint-parser cache-miss
167 http fetch GET 200 https://registry.npmmirror.com/strip-json-comments 430ms (cache miss)
168 silly packumentCache full:https://registry.npmmirror.com/strip-json-comments set size:7433 disposed:false
169 silly fetch manifest csstype@^3.1.0
170 silly packumentCache full:https://registry.npmmirror.com/csstype cache-miss
171 http fetch GET 200 https://registry.npmmirror.com/text-table 423ms (cache miss)
172 silly packumentCache full:https://registry.npmmirror.com/text-table set size:2573 disposed:false
173 silly fetch manifest @vue/compiler-sfc@2.7.16
174 silly packumentCache full:https://registry.npmmirror.com/@vue%2fcompiler-sfc cache-miss
175 http fetch GET 200 https://registry.npmmirror.com/@vue%2fcompiler-sfc 6ms (cache hit)
176 silly packumentCache full:https://registry.npmmirror.com/@vue%2fcompiler-sfc set size:786592 disposed:false
177 silly fetch manifest de-indent@^1.0.2
178 silly packumentCache full:https://registry.npmmirror.com/de-indent cache-miss
179 http fetch GET 200 https://registry.npmmirror.com/table 564ms (cache miss)
180 silly packumentCache full:https://registry.npmmirror.com/table set size:41680 disposed:false
181 http fetch GET 200 https://registry.npmmirror.com/v8-compile-cache 458ms (cache miss)
182 silly packumentCache full:https://registry.npmmirror.com/v8-compile-cache set size:5682 disposed:false
183 http fetch GET 200 https://registry.npmmirror.com/vue-eslint-parser 488ms (cache miss)
184 silly packumentCache full:https://registry.npmmirror.com/vue-eslint-parser set size:46379 disposed:false
185 http fetch GET 200 https://registry.npmmirror.com/de-indent 425ms (cache miss)
186 silly packumentCache full:https://registry.npmmirror.com/de-indent set size:1315 disposed:false
187 http fetch GET 200 https://registry.npmmirror.com/csstype 1398ms (cache miss)
188 silly packumentCache full:https://registry.npmmirror.com/csstype set size:39527 disposed:false
189 silly placeDep ROOT @nicolo-ribaudo/eslint-scope-5-internals@5.1.1-v1 OK for: @babel/eslint-parser@7.26.5 want: 5.1.1-v1
190 silly placeDep ROOT eslint-visitor-keys@2.1.0 OK for: @babel/eslint-parser@7.26.5 want: ^2.1.0
191 silly placeDep node_modules/eslint @babel/code-frame@7.12.11 OK for: eslint@7.32.0 want: 7.12.11
192 silly placeDep ROOT @eslint/eslintrc@0.4.3 OK for: eslint@7.32.0 want: ^0.4.3
193 silly placeDep ROOT @humanwhocodes/config-array@0.5.0 OK for: eslint@7.32.0 want: ^0.5.0
194 silly placeDep node_modules/eslint chalk@4.1.2 OK for: eslint@7.32.0 want: ^4.0.0
195 silly placeDep node_modules/eslint cross-spawn@7.0.6 OK for: eslint@7.32.0 want: ^7.0.2
196 silly placeDep ROOT doctrine@3.0.0 OK for: eslint@7.32.0 want: ^3.0.0
197 silly placeDep ROOT enquirer@2.4.1 OK for: eslint@7.32.0 want: ^2.3.5
198 silly placeDep node_modules/eslint escape-string-regexp@4.0.0 OK for: eslint@7.32.0 want: ^4.0.0
199 silly placeDep ROOT eslint-utils@2.1.0 OK for: eslint@7.32.0 want: ^2.1.0
200 silly placeDep ROOT espree@7.3.1 OK for: eslint@7.32.0 want: ^7.3.1
201 silly placeDep ROOT esquery@1.6.0 OK for: eslint@7.32.0 want: ^1.4.0
202 silly placeDep ROOT file-entry-cache@6.0.1 OK for: eslint@7.32.0 want: ^6.0.1
203 silly placeDep ROOT functional-red-black-tree@1.0.1 OK for: eslint@7.32.0 want: ^1.0.1
204 silly placeDep node_modules/eslint glob-parent@5.1.2 OK for: eslint@7.32.0 want: ^5.1.2
205 silly placeDep node_modules/eslint globals@13.24.0 OK for: eslint@7.32.0 want: ^13.6.0
206 silly placeDep node_modules/eslint ignore@4.0.6 OK for: eslint@7.32.0 want: ^4.0.6
207 silly placeDep ROOT imurmurhash@0.1.4 OK for: eslint@7.32.0 want: ^0.1.4
208 silly placeDep ROOT js-yaml@3.14.1 OK for: eslint@7.32.0 want: ^3.13.1
209 silly placeDep ROOT json-stable-stringify-without-jsonify@1.0.1 OK for: eslint@7.32.0 want: ^1.0.1
210 silly placeDep ROOT levn@0.4.1 OK for: eslint@7.32.0 want: ^0.4.1
211 silly placeDep ROOT lodash.merge@4.6.2 OK for: eslint@7.32.0 want: ^4.6.2
212 silly placeDep ROOT natural-compare@1.4.0 OK for: eslint@7.32.0 want: ^1.4.0
213 silly placeDep ROOT optionator@0.9.4 OK for: eslint@7.32.0 want: ^0.9.1
214 silly placeDep ROOT progress@2.0.3 OK for: eslint@7.32.0 want: ^2.0.0
215 silly placeDep ROOT regexpp@3.2.0 OK for: eslint@7.32.0 want: ^3.1.0
216 silly placeDep node_modules/eslint semver@7.6.3 OK for: eslint@7.32.0 want: ^7.2.1
217 silly placeDep ROOT strip-json-comments@3.1.1 OK for: eslint@7.32.0 want: ^3.1.0
218 silly placeDep ROOT table@6.9.0 OK for: eslint@7.32.0 want: ^6.0.9
219 silly placeDep ROOT text-table@0.2.0 OK for: eslint@7.32.0 want: ^0.2.0
220 silly placeDep ROOT v8-compile-cache@2.4.0 OK for: eslint@7.32.0 want: ^2.0.3
221 silly fetch manifest @babel/highlight@^7.10.4
222 silly packumentCache full:https://registry.npmmirror.com/@babel%2fhighlight cache-miss
223 silly fetch manifest espree@^7.3.0
224 silly packumentCache full:https://registry.npmmirror.com/espree cache-hit
225 silly fetch manifest globals@^13.9.0
226 silly packumentCache full:https://registry.npmmirror.com/globals cache-hit
227 silly fetch manifest strip-json-comments@^3.1.1
228 silly packumentCache full:https://registry.npmmirror.com/strip-json-comments cache-hit
229 silly fetch manifest @humanwhocodes/object-schema@^1.2.0
230 silly packumentCache full:https://registry.npmmirror.com/@humanwhocodes%2fobject-schema cache-miss
231 silly fetch manifest path-key@^3.1.0
232 silly packumentCache full:https://registry.npmmirror.com/path-key cache-miss
233 silly fetch manifest shebang-command@^2.0.0
234 silly packumentCache full:https://registry.npmmirror.com/shebang-command cache-miss
235 silly fetch manifest which@^2.0.1
236 silly packumentCache full:https://registry.npmmirror.com/which cache-miss
237 http fetch GET 200 https://registry.npmmirror.com/path-key 26ms (cache hit)
238 silly packumentCache full:https://registry.npmmirror.com/path-key set size:13005 disposed:false
239 silly fetch manifest ansi-colors@^4.1.1
240 silly packumentCache full:https://registry.npmmirror.com/ansi-colors cache-miss
241 http fetch GET 200 https://registry.npmmirror.com/which 27ms (cache hit)
242 silly packumentCache full:https://registry.npmmirror.com/which set size:60605 disposed:false
243 silly fetch manifest eslint-visitor-keys@^1.1.0
244 silly packumentCache full:https://registry.npmmirror.com/eslint-visitor-keys cache-hit
245 silly fetch manifest acorn@^7.4.0
246 silly packumentCache full:https://registry.npmmirror.com/acorn cache-miss
247 http fetch GET 200 https://registry.npmmirror.com/shebang-command 32ms (cache hit)
248 silly packumentCache full:https://registry.npmmirror.com/shebang-command set size:7504 disposed:false
249 silly fetch manifest acorn-jsx@^5.3.1
250 silly packumentCache full:https://registry.npmmirror.com/acorn-jsx cache-miss
251 http fetch GET 200 https://registry.npmmirror.com/acorn 7ms (cache hit)
252 silly packumentCache full:https://registry.npmmirror.com/acorn set size:320359 disposed:false
253 silly fetch manifest eslint-visitor-keys@^1.3.0
254 silly packumentCache full:https://registry.npmmirror.com/eslint-visitor-keys cache-hit
255 silly fetch manifest estraverse@^5.1.0
256 silly packumentCache full:https://registry.npmmirror.com/estraverse cache-miss
257 http fetch GET 200 https://registry.npmmirror.com/estraverse 4ms (cache hit)
258 silly packumentCache full:https://registry.npmmirror.com/estraverse set size:58410 disposed:false
259 silly fetch manifest flat-cache@^3.0.4
260 silly packumentCache full:https://registry.npmmirror.com/flat-cache cache-miss
261 http fetch GET 200 https://registry.npmmirror.com/acorn-jsx 319ms (cache miss)
262 silly packumentCache full:https://registry.npmmirror.com/acorn-jsx set size:11738 disposed:false
263 silly fetch manifest type-fest@^0.20.2
264 silly packumentCache full:https://registry.npmmirror.com/type-fest cache-miss
265 http fetch GET 200 https://registry.npmmirror.com/type-fest 5ms (cache hit)
266 silly packumentCache full:https://registry.npmmirror.com/type-fest set size:451690 disposed:false
267 silly fetch manifest argparse@^1.0.7
268 silly packumentCache full:https://registry.npmmirror.com/argparse cache-miss
269 http fetch GET 200 https://registry.npmmirror.com/@humanwhocodes%2fobject-schema 406ms (cache miss)
270 silly packumentCache full:https://registry.npmmirror.com/@humanwhocodes%2fobject-schema set size:5855 disposed:false
271 silly fetch manifest esprima@^4.0.0
272 silly packumentCache full:https://registry.npmmirror.com/esprima cache-miss
273 http fetch GET 200 https://registry.npmmirror.com/ansi-colors 422ms (cache miss)
274 silly packumentCache full:https://registry.npmmirror.com/ansi-colors set size:16364 disposed:false
275 silly fetch manifest prelude-ls@^1.2.1
276 silly packumentCache full:https://registry.npmmirror.com/prelude-ls cache-miss
277 http fetch GET 200 https://registry.npmmirror.com/@babel%2fhighlight 477ms (cache miss)
278 silly packumentCache full:https://registry.npmmirror.com/@babel%2fhighlight set size:27678 disposed:false
279 silly fetch manifest type-check@~0.4.0
280 silly packumentCache full:https://registry.npmmirror.com/type-check cache-miss
281 http fetch GET 200 https://registry.npmmirror.com/flat-cache 430ms (cache miss)
282 silly packumentCache full:https://registry.npmmirror.com/flat-cache set size:20339 disposed:false
283 silly fetch manifest prelude-ls@^1.2.1
284 silly packumentCache full:https://registry.npmmirror.com/prelude-ls cache-miss
285 http fetch GET 200 https://registry.npmmirror.com/argparse 436ms (cache miss)
286 silly packumentCache full:https://registry.npmmirror.com/argparse set size:9450 disposed:false
287 silly fetch manifest deep-is@^0.1.3
288 silly packumentCache full:https://registry.npmmirror.com/deep-is cache-miss
289 http fetch GET 200 https://registry.npmmirror.com/esprima 432ms (cache miss)
290 silly packumentCache full:https://registry.npmmirror.com/esprima set size:16770 disposed:false
291 silly fetch manifest word-wrap@^1.2.5
292 silly packumentCache full:https://registry.npmmirror.com/word-wrap cache-miss
293 http fetch GET 200 https://registry.npmmirror.com/prelude-ls 664ms (cache miss)
294 silly packumentCache full:https://registry.npmmirror.com/prelude-ls set size:4654 disposed:false
295 silly fetch manifest type-check@^0.4.0
296 silly packumentCache full:https://registry.npmmirror.com/type-check cache-miss
297 http fetch GET 200 https://registry.npmmirror.com/prelude-ls 710ms (cache miss)
298 silly packumentCache full:https://registry.npmmirror.com/prelude-ls set size:4654 disposed:false
299 silly packumentCache full:https://registry.npmmirror.com/prelude-ls dispose
300 silly fetch manifest fast-levenshtein@^2.0.6
301 silly packumentCache full:https://registry.npmmirror.com/fast-levenshtein cache-miss
302 http fetch GET 200 https://registry.npmmirror.com/type-check 769ms (cache miss)
303 silly packumentCache full:https://registry.npmmirror.com/type-check set size:6166 disposed:false
304 silly fetch manifest ajv@^8.0.1
305 silly packumentCache full:https://registry.npmmirror.com/ajv cache-miss
306 http fetch GET 200 https://registry.npmmirror.com/type-check 100ms (cache miss)
307 silly packumentCache full:https://registry.npmmirror.com/type-check set size:6166 disposed:false
308 silly packumentCache full:https://registry.npmmirror.com/type-check dispose
309 silly fetch manifest lodash.truncate@^4.4.2
310 silly packumentCache full:https://registry.npmmirror.com/lodash.truncate cache-miss
311 http fetch GET 200 https://registry.npmmirror.com/ajv 7ms (cache hit)
312 silly packumentCache full:https://registry.npmmirror.com/ajv set size:1042497 disposed:false
313 silly fetch manifest slice-ansi@^4.0.0
314 silly packumentCache full:https://registry.npmmirror.com/slice-ansi cache-miss
315 http fetch GET 200 https://registry.npmmirror.com/word-wrap 436ms (cache miss)
316 silly packumentCache full:https://registry.npmmirror.com/word-wrap set size:8190 disposed:false
317 http fetch GET 200 https://registry.npmmirror.com/deep-is 475ms (cache miss)
318 silly packumentCache full:https://registry.npmmirror.com/deep-is set size:2733 disposed:false
319 http fetch GET 200 https://registry.npmmirror.com/fast-levenshtein 429ms (cache miss)
320 silly packumentCache full:https://registry.npmmirror.com/fast-levenshtein set size:6868 disposed:false
321 http fetch GET 200 https://registry.npmmirror.com/lodash.truncate 409ms (cache miss)
322 silly packumentCache full:https://registry.npmmirror.com/lodash.truncate set size:3732 disposed:false
323 http fetch GET 200 https://registry.npmmirror.com/slice-ansi 400ms (cache miss)
324 silly packumentCache full:https://registry.npmmirror.com/slice-ansi set size:6596 disposed:false
325 silly placeDep node_modules/@eslint/eslintrc globals@13.24.0 OK for: @eslint/eslintrc@0.4.3 want: ^13.9.0
326 silly placeDep node_modules/@eslint/eslintrc ignore@4.0.6 OK for: @eslint/eslintrc@0.4.3 want: ^4.0.6
327 silly placeDep ROOT @humanwhocodes/object-schema@1.2.1 OK for: @humanwhocodes/config-array@0.5.0 want: ^1.2.0
328 silly placeDep ROOT ansi-colors@4.1.3 OK for: enquirer@2.4.1 want: ^4.1.1
329 silly placeDep node_modules/eslint-plugin-vue eslint-utils@3.0.0 OK for: eslint-plugin-vue@8.7.1 want: ^3.0.0
330 silly placeDep node_modules/eslint-plugin-vue semver@7.6.3 OK for: eslint-plugin-vue@8.7.1 want: ^7.3.5
331 silly placeDep ROOT vue-eslint-parser@8.3.0 OK for: eslint-plugin-vue@8.7.1 want: ^8.0.1
332 silly fetch manifest eslint-scope@^7.0.0
333 silly packumentCache full:https://registry.npmmirror.com/eslint-scope cache-miss
334 silly fetch manifest eslint-visitor-keys@^3.1.0
335 silly packumentCache full:https://registry.npmmirror.com/eslint-visitor-keys cache-hit
336 silly fetch manifest espree@^9.0.0
337 silly packumentCache full:https://registry.npmmirror.com/espree cache-hit
338 http fetch GET 200 https://registry.npmmirror.com/eslint-scope 6ms (cache hit)
339 silly packumentCache full:https://registry.npmmirror.com/eslint-scope set size:67204 disposed:false
340 silly placeDep node_modules/eslint-utils eslint-visitor-keys@1.3.0 OK for: eslint-utils@2.1.0 want: ^1.1.0
341 silly placeDep node_modules/espree acorn@7.4.1 OK for: espree@7.3.1 want: ^7.4.0
342 silly placeDep ROOT acorn-jsx@5.3.2 OK for: espree@7.3.1 want: ^5.3.1
343 silly placeDep node_modules/espree eslint-visitor-keys@1.3.0 OK for: espree@7.3.1 want: ^1.3.0
344 silly placeDep node_modules/esquery estraverse@5.3.0 OK for: esquery@1.6.0 want: ^5.1.0
345 silly placeDep ROOT flat-cache@3.2.0 OK for: file-entry-cache@6.0.1 want: ^3.0.4
346 silly fetch manifest flatted@^3.2.9
347 silly packumentCache full:https://registry.npmmirror.com/flatted cache-miss
348 silly fetch manifest keyv@^4.5.3
349 silly packumentCache full:https://registry.npmmirror.com/keyv cache-miss
350 http fetch GET 200 https://registry.npmmirror.com/flatted 425ms (cache miss)
351 silly packumentCache full:https://registry.npmmirror.com/flatted set size:18697 disposed:false
352 http fetch GET 200 https://registry.npmmirror.com/keyv 462ms (cache miss)
353 silly packumentCache full:https://registry.npmmirror.com/keyv set size:44268 disposed:false
354 silly placeDep ROOT flatted@3.3.2 OK for: flat-cache@3.2.0 want: ^3.2.9
355 silly placeDep ROOT keyv@4.5.4 OK for: flat-cache@3.2.0 want: ^4.5.3
356 silly fetch manifest json-buffer@3.0.1
357 silly packumentCache full:https://registry.npmmirror.com/json-buffer cache-miss
358 http fetch GET 200 https://registry.npmmirror.com/json-buffer 410ms (cache miss)
359 silly packumentCache full:https://registry.npmmirror.com/json-buffer set size:4318 disposed:false
360 silly placeDep ROOT argparse@1.0.10 OK for: js-yaml@3.14.1 want: ^1.0.7
361 silly placeDep ROOT esprima@4.0.1 OK for: js-yaml@3.14.1 want: ^4.0.0
362 silly fetch manifest sprintf-js@~1.0.2
363 silly packumentCache full:https://registry.npmmirror.com/sprintf-js cache-miss
364 http fetch GET 200 https://registry.npmmirror.com/sprintf-js 87ms (cache miss)
365 silly packumentCache full:https://registry.npmmirror.com/sprintf-js set size:6062 disposed:false
366 silly placeDep ROOT sprintf-js@1.0.3 OK for: argparse@1.0.10 want: ~1.0.2
367 silly placeDep ROOT json-buffer@3.0.1 OK for: keyv@4.5.4 want: 3.0.1
368 silly placeDep ROOT prelude-ls@1.2.1 OK for: levn@0.4.1 want: ^1.2.1
369 silly placeDep ROOT type-check@0.4.0 OK for: levn@0.4.1 want: ~0.4.0
370 silly placeDep ROOT deep-is@0.1.4 OK for: optionator@0.9.4 want: ^0.1.3
371 silly placeDep ROOT fast-levenshtein@2.0.6 OK for: optionator@0.9.4 want: ^2.0.6
372 silly placeDep ROOT word-wrap@1.2.5 OK for: optionator@0.9.4 want: ^1.2.5
373 silly placeDep node_modules/table ajv@8.17.1 OK for: table@6.9.0 want: ^8.0.1
374 silly placeDep ROOT lodash.truncate@4.4.2 OK for: table@6.9.0 want: ^4.4.2
375 silly placeDep ROOT slice-ansi@4.0.0 OK for: table@6.9.0 want: ^4.0.0
376 silly fetch manifest json-schema-traverse@^1.0.0
377 silly packumentCache full:https://registry.npmmirror.com/json-schema-traverse cache-miss
378 silly fetch manifest astral-regex@^2.0.0
379 silly packumentCache full:https://registry.npmmirror.com/astral-regex cache-miss
380 http fetch GET 200 https://registry.npmmirror.com/json-schema-traverse 24ms (cache hit)
381 silly packumentCache full:https://registry.npmmirror.com/json-schema-traverse set size:19581 disposed:false
382 http fetch GET 200 https://registry.npmmirror.com/astral-regex 424ms (cache miss)
383 silly packumentCache full:https://registry.npmmirror.com/astral-regex set size:1717 disposed:false
384 silly placeDep ROOT astral-regex@2.0.0 OK for: slice-ansi@4.0.0 want: ^2.0.0
385 silly placeDep node_modules/vue @vue/compiler-sfc@2.7.16 OK for: vue@2.7.16 want: 2.7.16
386 silly placeDep ROOT csstype@3.1.3 OK for: vue@2.7.16 want: ^3.1.0
387 silly placeDep node_modules/vue-eslint-parser eslint-scope@7.2.2 OK for: vue-eslint-parser@8.3.0 want: ^7.0.0
388 silly placeDep node_modules/vue-eslint-parser eslint-visitor-keys@3.4.3 OK for: vue-eslint-parser@8.3.0 want: ^3.1.0
389 silly placeDep node_modules/vue-eslint-parser espree@9.6.1 OK for: vue-eslint-parser@8.3.0 want: ^9.0.0
390 silly placeDep node_modules/vue-eslint-parser semver@7.6.3 OK for: vue-eslint-parser@8.3.0 want: ^7.3.5
391 silly fetch manifest estraverse@^5.2.0
392 silly packumentCache full:https://registry.npmmirror.com/estraverse cache-hit
393 silly placeDep ROOT de-indent@1.0.2 OK for: vue-template-compiler@2.7.16 want: ^1.0.2
394 silly placeDep node_modules/@eslint/eslintrc type-fest@0.20.2 OK for: globals@13.24.0 want: ^0.20.2
395 silly placeDep ROOT @babel/highlight@7.25.9 OK for: @babel/code-frame@7.12.11 want: ^7.10.4
396 silly fetch manifest chalk@^2.4.2
397 silly packumentCache full:https://registry.npmmirror.com/chalk cache-hit
398 silly placeDep node_modules/@babel/highlight chalk@2.4.2 OK for: @babel/highlight@7.25.9 want: ^2.4.2
399 silly fetch manifest ansi-styles@^3.2.1
400 silly packumentCache full:https://registry.npmmirror.com/ansi-styles cache-miss
401 silly fetch manifest supports-color@^5.3.0
402 silly packumentCache full:https://registry.npmmirror.com/supports-color cache-miss
403 http fetch GET 200 https://registry.npmmirror.com/ansi-styles 12ms (cache hit)
404 silly packumentCache full:https://registry.npmmirror.com/ansi-styles set size:56535 disposed:false
405 http fetch GET 200 https://registry.npmmirror.com/supports-color 14ms (cache hit)
406 silly packumentCache full:https://registry.npmmirror.com/supports-color set size:102412 disposed:false
407 silly placeDep node_modules/@babel/highlight ansi-styles@3.2.1 OK for: chalk@2.4.2 want: ^3.2.1
408 silly placeDep node_modules/@babel/highlight supports-color@5.5.0 OK for: chalk@2.4.2 want: ^5.3.0
409 silly fetch manifest color-convert@^1.9.0
410 silly packumentCache full:https://registry.npmmirror.com/color-convert cache-miss
411 silly fetch manifest has-flag@^3.0.0
412 silly packumentCache full:https://registry.npmmirror.com/has-flag cache-miss
413 http fetch GET 200 https://registry.npmmirror.com/color-convert 6ms (cache hit)
414 silly packumentCache full:https://registry.npmmirror.com/color-convert set size:56843 disposed:false
415 http fetch GET 200 https://registry.npmmirror.com/has-flag 7ms (cache hit)
416 silly packumentCache full:https://registry.npmmirror.com/has-flag set size:12133 disposed:false
417 silly placeDep node_modules/@babel/highlight color-convert@1.9.3 OK for: ansi-styles@3.2.1 want: ^1.9.0
418 silly fetch manifest color-name@1.1.3
419 silly packumentCache full:https://registry.npmmirror.com/color-name cache-miss
420 http fetch GET 200 https://registry.npmmirror.com/color-name 7ms (cache hit)
421 silly packumentCache full:https://registry.npmmirror.com/color-name set size:15337 disposed:false
422 silly placeDep node_modules/@babel/highlight color-name@1.1.3 OK for: color-convert@1.9.3 want: 1.1.3
423 silly placeDep node_modules/@babel/highlight has-flag@3.0.0 OK for: supports-color@5.5.0 want: ^3.0.0
424 silly placeDep node_modules/eslint path-key@3.1.1 OK for: cross-spawn@7.0.6 want: ^3.1.0
425 silly placeDep node_modules/eslint shebang-command@2.0.0 OK for: cross-spawn@7.0.6 want: ^2.0.0
426 silly placeDep node_modules/eslint which@2.0.2 OK for: cross-spawn@7.0.6 want: ^2.0.1
427 silly fetch manifest shebang-regex@^3.0.0
428 silly packumentCache full:https://registry.npmmirror.com/shebang-regex cache-miss
429 http fetch GET 200 https://registry.npmmirror.com/shebang-regex 3ms (cache hit)
430 silly packumentCache full:https://registry.npmmirror.com/shebang-regex set size:7770 disposed:false
431 silly placeDep node_modules/eslint type-fest@0.20.2 OK for: globals@13.24.0 want: ^0.20.2
432 silly placeDep node_modules/eslint shebang-regex@3.0.0 OK for: shebang-command@2.0.0 want: ^3.0.0
433 silly placeDep node_modules/table json-schema-traverse@1.0.0 OK for: ajv@8.17.1 want: ^1.0.0
434 silly placeDep node_modules/vue-eslint-parser estraverse@5.3.0 OK for: eslint-scope@7.2.2 want: ^5.2.0
435 silly reify moves {}
436 silly audit bulk request {
436 silly audit   '@achrinza/node-ipc': [ '9.2.9' ],
436 silly audit   '@ampproject/remapping': [ '2.3.0' ],
436 silly audit   '@babel/code-frame': [ '7.26.2', '7.12.11' ],
436 silly audit   '@babel/compat-data': [ '7.26.5' ],
436 silly audit   '@babel/core': [ '7.26.0' ],
436 silly audit   '@babel/generator': [ '7.26.5' ],
436 silly audit   '@babel/helper-annotate-as-pure': [ '7.25.9' ],
436 silly audit   '@babel/helper-compilation-targets': [ '7.26.5' ],
436 silly audit   '@babel/helper-create-class-features-plugin': [ '7.25.9' ],
436 silly audit   '@babel/helper-create-regexp-features-plugin': [ '7.26.3' ],
436 silly audit   '@babel/helper-define-polyfill-provider': [ '0.6.3' ],
436 silly audit   '@babel/helper-member-expression-to-functions': [ '7.25.9' ],
436 silly audit   '@babel/helper-module-imports': [ '7.25.9' ],
436 silly audit   '@babel/helper-module-transforms': [ '7.26.0' ],
436 silly audit   '@babel/helper-optimise-call-expression': [ '7.25.9' ],
436 silly audit   '@babel/helper-plugin-utils': [ '7.26.5' ],
436 silly audit   '@babel/helper-remap-async-to-generator': [ '7.25.9' ],
436 silly audit   '@babel/helper-replace-supers': [ '7.26.5' ],
436 silly audit   '@babel/helper-skip-transparent-expression-wrappers': [ '7.25.9' ],
436 silly audit   '@babel/helper-string-parser': [ '7.25.9' ],
436 silly audit   '@babel/helper-validator-identifier': [ '7.25.9' ],
436 silly audit   '@babel/helper-validator-option': [ '7.25.9' ],
436 silly audit   '@babel/helper-wrap-function': [ '7.25.9' ],
436 silly audit   '@babel/helpers': [ '7.26.0' ],
436 silly audit   '@babel/parser': [ '7.26.5' ],
436 silly audit   '@babel/plugin-bugfix-firefox-class-in-computed-class-key': [ '7.25.9' ],
436 silly audit   '@babel/plugin-bugfix-safari-class-field-initializer-scope': [ '7.25.9' ],
436 silly audit   '@babel/plugin-bugfix-safari-id-destructuring-collision-in-function-expression': [ '7.25.9' ],
436 silly audit   '@babel/plugin-bugfix-v8-spread-parameters-in-optional-chaining': [ '7.25.9' ],
436 silly audit   '@babel/plugin-bugfix-v8-static-class-fields-redefine-readonly': [ '7.25.9' ],
436 silly audit   '@babel/plugin-proposal-class-properties': [ '7.18.6' ],
436 silly audit   '@babel/plugin-proposal-decorators': [ '7.25.9' ],
436 silly audit   '@babel/plugin-proposal-private-property-in-object': [ '7.21.0-placeholder-for-preset-env.2' ],
436 silly audit   '@babel/plugin-syntax-decorators': [ '7.25.9' ],
436 silly audit   '@babel/plugin-syntax-dynamic-import': [ '7.8.3' ],
436 silly audit   '@babel/plugin-syntax-import-assertions': [ '7.26.0' ],
436 silly audit   '@babel/plugin-syntax-import-attributes': [ '7.26.0' ],
436 silly audit   '@babel/plugin-syntax-jsx': [ '7.25.9' ],
436 silly audit   '@babel/plugin-syntax-unicode-sets-regex': [ '7.18.6' ],
436 silly audit   '@babel/plugin-transform-arrow-functions': [ '7.25.9' ],
436 silly audit   '@babel/plugin-transform-async-generator-functions': [ '7.25.9' ],
436 silly audit   '@babel/plugin-transform-async-to-generator': [ '7.25.9' ],
436 silly audit   '@babel/plugin-transform-block-scoped-functions': [ '7.26.5' ],
436 silly audit   '@babel/plugin-transform-block-scoping': [ '7.25.9' ],
436 silly audit   '@babel/plugin-transform-class-properties': [ '7.25.9' ],
436 silly audit   '@babel/plugin-transform-class-static-block': [ '7.26.0' ],
436 silly audit   '@babel/plugin-transform-classes': [ '7.25.9' ],
436 silly audit   '@babel/plugin-transform-computed-properties': [ '7.25.9' ],
436 silly audit   '@babel/plugin-transform-destructuring': [ '7.25.9' ],
436 silly audit   '@babel/plugin-transform-dotall-regex': [ '7.25.9' ],
436 silly audit   '@babel/plugin-transform-duplicate-keys': [ '7.25.9' ],
436 silly audit   '@babel/plugin-transform-duplicate-named-capturing-groups-regex': [ '7.25.9' ],
436 silly audit   '@babel/plugin-transform-dynamic-import': [ '7.25.9' ],
436 silly audit   '@babel/plugin-transform-exponentiation-operator': [ '7.26.3' ],
436 silly audit   '@babel/plugin-transform-export-namespace-from': [ '7.25.9' ],
436 silly audit   '@babel/plugin-transform-for-of': [ '7.25.9' ],
436 silly audit   '@babel/plugin-transform-function-name': [ '7.25.9' ],
436 silly audit   '@babel/plugin-transform-json-strings': [ '7.25.9' ],
436 silly audit   '@babel/plugin-transform-literals': [ '7.25.9' ],
436 silly audit   '@babel/plugin-transform-logical-assignment-operators': [ '7.25.9' ],
436 silly audit   '@babel/plugin-transform-member-expression-literals': [ '7.25.9' ],
436 silly audit   '@babel/plugin-transform-modules-amd': [ '7.25.9' ],
436 silly audit   '@babel/plugin-transform-modules-commonjs': [ '7.26.3' ],
436 silly audit   '@babel/plugin-transform-modules-systemjs': [ '7.25.9' ],
436 silly audit   '@babel/plugin-transform-modules-umd': [ '7.25.9' ],
436 silly audit   '@babel/plugin-transform-named-capturing-groups-regex': [ '7.25.9' ],
436 silly audit   '@babel/plugin-transform-new-target': [ '7.25.9' ],
436 silly audit   '@babel/plugin-transform-nullish-coalescing-operator': [ '7.26.6' ],
436 silly audit   '@babel/plugin-transform-numeric-separator': [ '7.25.9' ],
436 silly audit   '@babel/plugin-transform-object-rest-spread': [ '7.25.9' ],
436 silly audit   '@babel/plugin-transform-object-super': [ '7.25.9' ],
436 silly audit   '@babel/plugin-transform-optional-catch-binding': [ '7.25.9' ],
436 silly audit   '@babel/plugin-transform-optional-chaining': [ '7.25.9' ],
436 silly audit   '@babel/plugin-transform-parameters': [ '7.25.9' ],
436 silly audit   '@babel/plugin-transform-private-methods': [ '7.25.9' ],
436 silly audit   '@babel/plugin-transform-private-property-in-object': [ '7.25.9' ],
436 silly audit   '@babel/plugin-transform-property-literals': [ '7.25.9' ],
436 silly audit   '@babel/plugin-transform-regenerator': [ '7.25.9' ],
436 silly audit   '@babel/plugin-transform-regexp-modifiers': [ '7.26.0' ],
436 silly audit   '@babel/plugin-transform-reserved-words': [ '7.25.9' ],
436 silly audit   '@babel/plugin-transform-runtime': [ '7.25.9' ],
436 silly audit   '@babel/plugin-transform-shorthand-properties': [ '7.25.9' ],
436 silly audit   '@babel/plugin-transform-spread': [ '7.25.9' ],
436 silly audit   '@babel/plugin-transform-sticky-regex': [ '7.25.9' ],
436 silly audit   '@babel/plugin-transform-template-literals': [ '7.25.9' ],
436 silly audit   '@babel/plugin-transform-typeof-symbol': [ '7.25.9' ],
436 silly audit   '@babel/plugin-transform-unicode-escapes': [ '7.25.9' ],
436 silly audit   '@babel/plugin-transform-unicode-property-regex': [ '7.25.9' ],
436 silly audit   '@babel/plugin-transform-unicode-regex': [ '7.25.9' ],
436 silly audit   '@babel/plugin-transform-unicode-sets-regex': [ '7.25.9' ],
436 silly audit   '@babel/preset-env': [ '7.26.0' ],
436 silly audit   '@babel/preset-modules': [ '0.1.6-no-external-plugins' ],
436 silly audit   '@babel/runtime': [ '7.26.0' ],
436 silly audit   '@babel/template': [ '7.25.9' ],
436 silly audit   '@babel/traverse': [ '7.26.5' ],
436 silly audit   '@babel/types': [ '7.26.5' ],
436 silly audit   '@discoveryjs/json-ext': [ '0.5.7' ],
436 silly audit   '@hapi/hoek': [ '9.3.0' ],
436 silly audit   '@hapi/topo': [ '5.1.0' ],
436 silly audit   '@jridgewell/gen-mapping': [ '0.3.8' ],
436 silly audit   '@jridgewell/resolve-uri': [ '3.1.2' ],
436 silly audit   '@jridgewell/set-array': [ '1.2.1' ],
436 silly audit   '@jridgewell/source-map': [ '0.3.6' ],
436 silly audit   '@jridgewell/sourcemap-codec': [ '1.5.0' ],
436 silly audit   '@jridgewell/trace-mapping': [ '0.3.25' ],
436 silly audit   '@leichtgewicht/ip-codec': [ '2.0.5' ],
436 silly audit   '@node-ipc/js-queue': [ '2.0.3' ],
436 silly audit   '@nodelib/fs.scandir': [ '2.1.5' ],
436 silly audit   '@nodelib/fs.stat': [ '2.0.5' ],
436 silly audit   '@nodelib/fs.walk': [ '1.2.8' ],
436 silly audit   '@polka/url': [ '1.0.0-next.28' ],
436 silly audit   '@sideway/address': [ '4.1.5' ],
436 silly audit   '@sideway/formula': [ '3.0.1' ],
436 silly audit   '@sideway/pinpoint': [ '2.0.0' ],
436 silly audit   '@soda/friendly-errors-webpack-plugin': [ '1.8.1' ],
436 silly audit   '@soda/get-current-script': [ '1.0.2' ],
436 silly audit   '@trysound/sax': [ '0.2.0' ],
436 silly audit   '@types/body-parser': [ '1.19.5' ],
436 silly audit   '@types/bonjour': [ '3.5.13' ],
436 silly audit   '@types/connect': [ '3.4.38' ],
436 silly audit   '@types/connect-history-api-fallback': [ '1.5.4' ],
436 silly audit   '@types/eslint': [ '8.56.12' ],
436 silly audit   '@types/eslint-scope': [ '3.7.7' ],
436 silly audit   '@types/estree': [ '1.0.6' ],
436 silly audit   '@types/express': [ '4.17.21' ],
436 silly audit   '@types/express-serve-static-core': [ '5.0.5', '4.19.6' ],
436 silly audit   '@types/html-minifier-terser': [ '6.1.0' ],
436 silly audit   '@types/http-errors': [ '2.0.4' ],
436 silly audit   '@types/http-proxy': [ '1.17.15' ],
436 silly audit   '@types/json-schema': [ '7.0.15' ],
436 silly audit   '@types/mime': [ '1.3.5' ],
436 silly audit   '@types/minimist': [ '1.2.5' ],
436 silly audit   '@types/node': [ '22.10.7' ],
436 silly audit   '@types/node-forge': [ '1.3.11' ],
436 silly audit   '@types/normalize-package-data': [ '2.4.4' ],
436 silly audit   '@types/parse-json': [ '4.0.2' ],
436 silly audit   '@types/qs': [ '6.9.18' ],
436 silly audit   '@types/range-parser': [ '1.2.7' ],
436 silly audit   '@types/retry': [ '0.12.0' ],
436 silly audit   '@types/send': [ '0.17.4' ],
436 silly audit   '@types/serve-index': [ '1.9.4' ],
436 silly audit   '@types/serve-static': [ '1.15.7' ],
436 silly audit   '@types/sockjs': [ '0.3.36' ],
436 silly audit   '@types/ws': [ '8.5.13' ],
436 silly audit   '@vue/babel-helper-vue-jsx-merge-props': [ '1.4.0' ],
436 silly audit   '@vue/babel-helper-vue-transform-on': [ '1.2.5' ],
436 silly audit   '@vue/babel-plugin-jsx': [ '1.2.5' ],
436 silly audit   '@vue/babel-plugin-resolve-type': [ '1.2.5' ],
436 silly audit   '@vue/babel-plugin-transform-vue-jsx': [ '1.4.0' ],
436 silly audit   'html-tags': [ '2.0.0', '3.3.1' ],
436 silly audit   '@vue/babel-preset-app': [ '5.0.8' ],
436 silly audit   semver: [ '7.6.3', '5.7.2', '6.3.1' ],
436 silly audit   '@vue/babel-preset-jsx': [ '1.4.0' ],
436 silly audit   '@vue/babel-sugar-composition-api-inject-h': [ '1.4.0' ],
436 silly audit   '@vue/babel-sugar-composition-api-render-instance': [ '1.4.0' ],
436 silly audit   '@vue/babel-sugar-functional-vue': [ '1.4.0' ],
436 silly audit   '@vue/babel-sugar-inject-h': [ '1.4.0' ],
436 silly audit   '@vue/babel-sugar-v-model': [ '1.4.0' ],
436 silly audit   '@vue/babel-sugar-v-on': [ '1.4.0' ],
436 silly audit   '@vue/cli-overlay': [ '5.0.8' ],
436 silly audit   '@vue/cli-plugin-babel': [ '5.0.8' ],
436 silly audit   '@vue/cli-plugin-eslint': [ '5.0.8' ],
436 silly audit   '@vue/cli-plugin-router': [ '5.0.8' ],
436 silly audit   '@vue/cli-plugin-vuex': [ '5.0.8' ],
436 silly audit   '@vue/cli-service': [ '5.0.8' ],
436 silly audit   '@vue/cli-shared-utils': [ '5.0.8' ],
436 silly audit   chalk: [ '4.1.2', '3.0.0', '2.4.2' ],
436 silly audit   'lru-cache': [ '6.0.0', '4.1.5', '5.1.1' ],
436 silly audit   yallist: [ '4.0.0', '2.1.2', '3.1.1' ],
436 silly audit   '@vue/compiler-core': [ '3.5.13' ],
436 silly audit   '@vue/compiler-dom': [ '3.5.13' ],
436 silly audit   '@vue/compiler-sfc': [ '3.5.13', '2.7.16' ],
436 silly audit   '@vue/compiler-ssr': [ '3.5.13' ],
436 silly audit   '@vue/component-compiler-utils': [ '3.3.0' ],
436 silly audit   'hash-sum': [ '1.0.2', '2.0.0' ],
436 silly audit   picocolors: [ '0.2.1', '1.1.1' ],
436 silly audit   postcss: [ '7.0.39', '8.5.1' ],
436 silly audit   '@vue/shared': [ '3.5.13' ],
436 silly audit   'vue-loader': [ '15.11.1', '17.4.2' ],
436 silly audit   '@vue/web-component-wrapper': [ '1.3.0' ],
436 silly audit   '@webassemblyjs/ast': [ '1.14.1' ],
436 silly audit   '@webassemblyjs/floating-point-hex-parser': [ '1.13.2' ],
436 silly audit   '@webassemblyjs/helper-api-error': [ '1.13.2' ],
436 silly audit   '@webassemblyjs/helper-buffer': [ '1.14.1' ],
436 silly audit   '@webassemblyjs/helper-numbers': [ '1.13.2' ],
436 silly audit   '@webassemblyjs/helper-wasm-bytecode': [ '1.13.2' ],
436 silly audit   '@webassemblyjs/helper-wasm-section': [ '1.14.1' ],
436 silly audit   '@webassemblyjs/ieee754': [ '1.13.2' ],
436 silly audit   '@webassemblyjs/leb128': [ '1.13.2' ],
436 silly audit   '@webassemblyjs/utf8': [ '1.13.2' ],
436 silly audit   '@webassemblyjs/wasm-edit': [ '1.14.1' ],
436 silly audit   '@webassemblyjs/wasm-gen': [ '1.14.1' ],
436 silly audit   '@webassemblyjs/wasm-opt': [ '1.14.1' ],
436 silly audit   '@webassemblyjs/wasm-parser': [ '1.14.1' ],
436 silly audit   '@webassemblyjs/wast-printer': [ '1.14.1' ],
436 silly audit   '@xtuc/ieee754': [ '1.2.0' ],
436 silly audit   '@xtuc/long': [ '4.2.2' ],
436 silly audit   accepts: [ '1.3.8' ],
436 silly audit   negotiator: [ '0.6.3', '0.6.4' ],
436 silly audit   acorn: [ '8.14.0', '7.4.1' ],
436 silly audit   'acorn-walk': [ '8.3.4' ],
436 silly audit   address: [ '1.2.2' ],
436 silly audit   ajv: [ '6.12.6', '8.17.1' ],
436 silly audit   'ajv-formats': [ '2.1.1' ],
436 silly audit   'json-schema-traverse': [ '1.0.0', '0.4.1' ],
436 silly audit   'ajv-keywords': [ '3.5.2', '5.1.0' ],
436 silly audit   'ansi-escapes': [ '3.2.0' ],
436 silly audit   'ansi-html-community': [ '0.0.8' ],
436 silly audit   'ansi-regex': [ '5.0.1', '3.0.1' ],
436 silly audit   'ansi-styles': [ '4.3.0', '3.2.1' ],
436 silly audit   'any-promise': [ '1.3.0' ],
436 silly audit   anymatch: [ '3.1.3' ],
436 silly audit   arch: [ '2.2.0' ],
436 silly audit   'array-flatten': [ '1.1.1' ],
436 silly audit   'array-union': [ '2.1.0' ],
436 silly audit   async: [ '2.6.4' ],
436 silly audit   'at-least-node': [ '1.0.0' ],
436 silly audit   autoprefixer: [ '10.4.20' ],
436 silly audit   'babel-loader': [ '8.4.1' ],
436 silly audit   'loader-utils': [ '2.0.4', '1.4.2' ],
436 silly audit   'babel-plugin-dynamic-import-node': [ '2.3.3' ],
436 silly audit   'babel-plugin-polyfill-corejs2': [ '0.4.12' ],
436 silly audit   'babel-plugin-polyfill-corejs3': [ '0.10.6' ],
436 silly audit   'babel-plugin-polyfill-regenerator': [ '0.6.3' ],
436 silly audit   'balanced-match': [ '1.0.2' ],
436 silly audit   'base64-js': [ '1.5.1' ],
436 silly audit   batch: [ '0.6.1' ],
436 silly audit   'big.js': [ '5.2.2' ],
436 silly audit   'binary-extensions': [ '2.3.0' ],
436 silly audit   bl: [ '4.1.0' ],
436 silly audit   bluebird: [ '3.7.2' ],
436 silly audit   'body-parser': [ '1.20.3' ],
436 silly audit   debug: [ '2.6.9', '4.4.0', '3.2.7' ],
436 silly audit   ms: [ '2.0.0', '2.1.3' ],
436 silly audit   'bonjour-service': [ '1.3.0' ],
436 silly audit   boolbase: [ '1.0.0' ],
436 silly audit   'brace-expansion': [ '1.1.11' ],
436 silly audit   braces: [ '3.0.3' ],
436 silly audit   browserslist: [ '4.24.4' ],
436 silly audit   buffer: [ '5.7.1' ],
436 silly audit   'buffer-from': [ '1.1.2' ],
436 silly audit   bytes: [ '3.1.2' ],
436 silly audit   'call-bind': [ '1.0.8' ],
436 silly audit   'call-bind-apply-helpers': [ '1.0.1' ],
436 silly audit   'call-bound': [ '1.0.3' ],
436 silly audit   callsites: [ '3.1.0' ],
436 silly audit   'camel-case': [ '4.1.2' ],
436 silly audit   camelcase: [ '5.3.1' ],
436 silly audit   'caniuse-api': [ '3.0.0' ],
436 silly audit   'caniuse-lite': [ '1.0.30001695' ],
436 silly audit   'case-sensitive-paths-webpack-plugin': [ '2.4.0' ],
436 silly audit   chokidar: [ '3.6.0' ],
436 silly audit   'glob-parent': [ '5.1.2', '6.0.2' ],
436 silly audit   'chrome-trace-event': [ '1.0.4' ],
436 silly audit   'ci-info': [ '1.6.0' ],
436 silly audit   'clean-css': [ '5.3.3' ],
436 silly audit   'cli-cursor': [ '3.1.0', '2.1.0' ],
436 silly audit   'cli-highlight': [ '2.1.11' ],
436 silly audit   'cli-spinners': [ '2.9.2' ],
436 silly audit   clipboardy: [ '2.3.0' ],
436 silly audit   cliui: [ '7.0.4' ],
436 silly audit   clone: [ '1.0.4' ],
436 silly audit   'clone-deep': [ '4.0.1' ],
436 silly audit   'color-convert': [ '2.0.1', '1.9.3' ],
436 silly audit   'color-name': [ '1.1.4', '1.1.3' ],
436 silly audit   colord: [ '2.9.3' ],
436 silly audit   colorette: [ '2.0.20' ],
436 silly audit   commander: [ '8.3.0', '7.2.0', '2.20.3' ],
436 silly audit   commondir: [ '1.0.1' ],
436 silly audit   compressible: [ '2.0.18' ],
436 silly audit   compression: [ '1.7.5' ],
436 silly audit   'concat-map': [ '0.0.1' ],
436 silly audit   'connect-history-api-fallback': [ '2.0.0' ],
436 silly audit   consolidate: [ '0.15.1' ],
436 silly audit   'content-disposition': [ '0.5.4' ],
436 silly audit   'content-type': [ '1.0.5' ],
436 silly audit   'convert-source-map': [ '2.0.0' ],
436 silly audit   cookie: [ '0.7.1' ],
436 silly audit   'cookie-signature': [ '1.0.6' ],
436 silly audit   'copy-webpack-plugin': [ '9.1.0' ],
436 silly audit   'schema-utils': [ '3.3.0', '4.3.0', '2.7.1' ],
436 silly audit   'core-js': [ '3.40.0' ],
436 silly audit   'core-js-compat': [ '3.40.0' ],
436 silly audit   'core-util-is': [ '1.0.3' ],
436 silly audit   cosmiconfig: [ '7.1.0' ],
436 silly audit   'cross-spawn': [ '6.0.6', '7.0.6', '5.1.0' ],
436 silly audit   'css-declaration-sorter': [ '6.4.1' ],
436 silly audit   'css-loader': [ '6.11.0' ],
436 silly audit   'css-minimizer-webpack-plugin': [ '3.4.1' ],
436 silly audit   'css-select': [ '4.3.0' ],
436 silly audit   'css-tree': [ '1.1.3' ],
436 silly audit   'css-what': [ '6.1.0' ],
436 silly audit   cssesc: [ '3.0.0' ],
436 silly audit   cssnano: [ '5.1.15' ],
436 silly audit   'cssnano-preset-default': [ '5.2.14' ],
436 silly audit   'cssnano-utils': [ '3.1.0' ],
436 silly audit   csso: [ '4.2.0' ],
436 silly audit   debounce: [ '1.2.1' ],
436 silly audit   deepmerge: [ '1.5.2' ],
436 silly audit   'default-gateway': [ '6.0.3' ],
436 silly audit   execa: [ '5.1.1', '1.0.0', '0.8.0' ],
436 silly audit   'get-stream': [ '6.0.1', '4.1.0', '3.0.0' ],
436 silly audit   'is-stream': [ '2.0.1', '1.1.0' ],
436 silly audit   'npm-run-path': [ '4.0.1', '2.0.2' ],
436 silly audit   'path-key': [ '3.1.1', '2.0.1' ],
436 silly audit   'shebang-command': [ '2.0.0', '1.2.0' ],
436 silly audit   'shebang-regex': [ '3.0.0', '1.0.0' ],
436 silly audit   which: [ '2.0.2', '1.3.1' ],
436 silly audit   defaults: [ '1.0.4' ],
436 silly audit   'define-data-property': [ '1.1.4' ],
436 silly audit   'define-lazy-prop': [ '2.0.0' ],
436 silly audit   'define-properties': [ '1.2.1' ],
436 silly audit   depd: [ '2.0.0', '1.1.2' ],
436 silly audit   destroy: [ '1.2.0' ],
436 silly audit   'detect-node': [ '2.1.0' ],
436 silly audit   'dir-glob': [ '3.0.1' ],
436 silly audit   'dns-packet': [ '5.6.1' ],
436 silly audit   'dom-converter': [ '0.2.0' ],
436 silly audit   'dom-serializer': [ '1.4.1' ],
436 silly audit   entities: [ '2.2.0', '4.5.0' ],
436 silly audit   domelementtype: [ '2.3.0' ],
436 silly audit   domhandler: [ '4.3.1' ],
436 silly audit   domutils: [ '2.8.0' ],
436 silly audit   'dot-case': [ '3.0.4' ],
436 silly audit   dotenv: [ '10.0.0' ],
436 silly audit   'dotenv-expand': [ '5.1.0' ],
436 silly audit   'dunder-proto': [ '1.0.1' ],
436 silly audit   duplexer: [ '0.1.2' ],
436 silly audit   'easy-stack': [ '1.0.1' ],
436 silly audit   'ee-first': [ '1.1.1' ],
436 silly audit   'electron-to-chromium': [ '1.5.83' ],
436 silly audit   'emoji-regex': [ '8.0.0' ],
436 silly audit   'emojis-list': [ '3.0.0' ],
436 silly audit   encodeurl: [ '2.0.0', '1.0.2' ],
436 silly audit   'end-of-stream': [ '1.4.4' ],
436 silly audit   'enhanced-resolve': [ '5.18.0' ],
436 silly audit   'error-ex': [ '1.3.2' ],
436 silly audit   'error-stack-parser': [ '2.1.4' ],
436 silly audit   'es-define-property': [ '1.0.1' ],
436 silly audit   'es-errors': [ '1.3.0' ],
436 silly audit   'es-module-lexer': [ '1.6.0' ],
436 silly audit   'es-object-atoms': [ '1.1.1' ],
436 silly audit   escalade: [ '3.2.0' ],
436 silly audit   'escape-html': [ '1.0.3' ],
436 silly audit   'escape-string-regexp': [ '1.0.5', '4.0.0' ],
436 silly audit   'eslint-scope': [ '5.1.1', '7.2.2' ],
436 silly audit   'eslint-webpack-plugin': [ '3.2.0' ],
436 silly audit   'jest-worker': [ '28.1.3', '27.5.1' ],
436 silly audit   'supports-color': [ '8.1.1', '5.5.0', '7.2.0' ],
436 silly audit   esrecurse: [ '4.3.0' ],
436 silly audit   estraverse: [ '5.3.0', '4.3.0' ],
436 silly audit   'estree-walker': [ '2.0.2' ],
436 silly audit   esutils: [ '2.0.3' ],
436 silly audit   etag: [ '1.8.1' ],
436 silly audit   'event-pubsub': [ '4.3.0' ],
436 silly audit   eventemitter3: [ '4.0.7' ],
436 silly audit   events: [ '3.3.0' ],
436 silly audit   express: [ '4.21.2' ],
436 silly audit   'fast-deep-equal': [ '3.1.3' ],
436 silly audit   'fast-glob': [ '3.3.3' ],
436 silly audit   'fast-json-stable-stringify': [ '2.1.0' ],
436 silly audit   'fast-uri': [ '3.0.5' ],
436 silly audit   fastq: [ '1.18.0' ],
436 silly audit   'faye-websocket': [ '0.11.4' ],
436 silly audit   figures: [ '2.0.0' ],
436 silly audit   'fill-range': [ '7.1.1' ],
436 silly audit   finalhandler: [ '1.3.1' ],
436 silly audit   'find-cache-dir': [ '3.3.2' ],
436 silly audit   'find-up': [ '4.1.0' ],
436 silly audit   flat: [ '5.0.2' ],
436 silly audit   'follow-redirects': [ '1.15.9' ],
436 silly audit   forwarded: [ '0.2.0' ],
436 silly audit   'fraction.js': [ '4.3.7' ],
436 silly audit   fresh: [ '0.5.2' ],
436 silly audit   'fs-extra': [ '9.1.0' ],
436 silly audit   'fs-monkey': [ '1.0.6' ],
436 silly audit   'fs.realpath': [ '1.0.0' ],
436 silly audit   fsevents: [ '2.3.3' ],
436 silly audit   'function-bind': [ '1.1.2' ],
436 silly audit   gensync: [ '1.0.0-beta.2' ],
436 silly audit   'get-caller-file': [ '2.0.5' ],
436 silly audit   'get-intrinsic': [ '1.2.7' ],
436 silly audit   'get-proto': [ '1.0.1' ],
436 silly audit   glob: [ '7.2.3' ],
436 silly audit   'glob-to-regexp': [ '0.4.1' ],
436 silly audit   globals: [ '11.12.0', '13.24.0' ],
436 silly audit   globby: [ '11.1.0' ],
436 silly audit   gopd: [ '1.2.0' ],
436 silly audit   'graceful-fs': [ '4.2.11' ],
436 silly audit   'gzip-size': [ '6.0.0' ],
436 silly audit   'handle-thing': [ '2.0.1' ],
436 silly audit   'has-flag': [ '4.0.0', '3.0.0' ],
436 silly audit   'has-property-descriptors': [ '1.0.2' ],
436 silly audit   'has-symbols': [ '1.1.0' ],
436 silly audit   hasown: [ '2.0.2' ],
436 silly audit   he: [ '1.2.0' ],
436 silly audit   'highlight.js': [ '10.7.3' ],
436 silly audit   'hosted-git-info': [ '2.8.9' ],
436 silly audit   'hpack.js': [ '2.1.6' ],
436 silly audit   'readable-stream': [ '2.3.8', '3.6.2' ],
436 silly audit   'safe-buffer': [ '5.1.2', '5.2.1' ],
436 silly audit   string_decoder: [ '1.1.1', '1.3.0' ],
436 silly audit   'html-entities': [ '2.5.2' ],
436 silly audit   'html-escaper': [ '2.0.2' ],
436 silly audit   'html-minifier-terser': [ '6.1.0' ],
436 silly audit   'html-webpack-plugin': [ '5.6.3' ],
436 silly audit   htmlparser2: [ '6.1.0' ],
436 silly audit   'http-deceiver': [ '1.2.7' ],
436 silly audit   'http-errors': [ '2.0.0', '1.6.3' ],
436 silly audit   'http-parser-js': [ '0.5.9' ],
436 silly audit   'http-proxy': [ '1.18.1' ],
436 silly audit   'http-proxy-middleware': [ '2.0.7' ],
436 silly audit   'human-signals': [ '2.1.0' ],
436 silly audit   'iconv-lite': [ '0.4.24' ],
436 silly audit   'icss-utils': [ '5.1.0' ],
436 silly audit   ieee754: [ '1.2.1' ],
436 silly audit   ignore: [ '5.3.2', '4.0.6' ],
436 silly audit   'import-fresh': [ '3.3.0' ],
436 silly audit   inflight: [ '1.0.6' ],
436 silly audit   inherits: [ '2.0.4', '2.0.3' ],
436 silly audit   'ipaddr.js': [ '2.2.0', '1.9.1' ],
436 silly audit   'is-arrayish': [ '0.2.1' ],
436 silly audit   'is-binary-path': [ '2.1.0' ],
436 silly audit   'is-ci': [ '1.2.1' ],
436 silly audit   'is-core-module': [ '2.16.1' ],
436 silly audit   'is-docker': [ '2.2.1' ],
436 silly audit   'is-extglob': [ '2.1.1' ],
436 silly audit   'is-file-esm': [ '1.0.0' ],
436 silly audit   'is-fullwidth-code-point': [ '3.0.0', '2.0.0' ],
436 silly audit   'is-glob': [ '4.0.3' ],
436 silly audit   'is-interactive': [ '1.0.0' ],
436 silly audit   'is-number': [ '7.0.0' ],
436 silly audit   'is-plain-obj': [ '3.0.0' ],
436 silly audit   'is-plain-object': [ '2.0.4' ],
436 silly audit   'is-unicode-supported': [ '0.1.0' ],
436 silly audit   'is-wsl': [ '2.2.0' ],
436 silly audit   isarray: [ '1.0.0' ],
436 silly audit   isexe: [ '2.0.0' ],
436 silly audit   isobject: [ '3.0.1' ],
436 silly audit   'javascript-stringify': [ '2.1.0' ],
436 silly audit   joi: [ '17.13.3' ],
436 silly audit   'js-message': [ '1.0.7' ],
436 silly audit   'js-tokens': [ '4.0.0' ],
436 silly audit   jsesc: [ '3.1.0', '3.0.2' ],
436 silly audit   'json-parse-better-errors': [ '1.0.2' ],
436 silly audit   'json-parse-even-better-errors': [ '2.3.1' ],
436 silly audit   json5: [ '2.2.3', '1.0.2' ],
436 silly audit   jsonfile: [ '6.1.0' ],
436 silly audit   'kind-of': [ '6.0.3' ],
436 silly audit   klona: [ '2.0.6' ],
436 silly audit   'launch-editor': [ '2.9.1' ],
436 silly audit   'launch-editor-middleware': [ '2.9.1' ],
436 silly audit   lilconfig: [ '2.1.0' ],
436 silly audit   'lines-and-columns': [ '1.2.4' ],
436 silly audit   'loader-runner': [ '4.3.0' ],
436 silly audit   'locate-path': [ '5.0.0' ],
436 silly audit   lodash: [ '4.17.21' ],
436 silly audit   'lodash.debounce': [ '4.0.8' ],
436 silly audit   'lodash.defaultsdeep': [ '4.6.1' ],
436 silly audit   'lodash.kebabcase': [ '4.1.1' ],
436 silly audit   'lodash.mapvalues': [ '4.6.0' ],
436 silly audit   'lodash.memoize': [ '4.1.2' ],
436 silly audit   'lodash.uniq': [ '4.5.0' ],
436 silly audit   'log-symbols': [ '4.1.0' ],
436 silly audit   'log-update': [ '2.3.0' ],
436 silly audit   'mimic-fn': [ '1.2.0', '2.1.0' ],
436 silly audit   onetime: [ '2.0.1', '5.1.2' ],
436 silly audit   'restore-cursor': [ '2.0.0', '3.1.0' ],
436 silly audit   'string-width': [ '2.1.1', '4.2.3' ],
436 silly audit   'strip-ansi': [ '4.0.0', '6.0.1' ],
436 silly audit   'wrap-ansi': [ '3.0.1', '7.0.0' ],
436 silly audit   'lower-case': [ '2.0.2' ],
436 silly audit   'magic-string': [ '0.30.17' ],
436 silly audit   'make-dir': [ '3.1.0' ],
436 silly audit   'math-intrinsics': [ '1.1.0' ],
436 silly audit   'mdn-data': [ '2.0.14' ],
436 silly audit   'media-typer': [ '0.3.0' ],
436 silly audit   memfs: [ '3.5.3' ],
436 silly audit   'merge-descriptors': [ '1.0.3' ],
436 silly audit   'merge-source-map': [ '1.1.0' ],
436 silly audit   'merge-stream': [ '2.0.0' ],
436 silly audit   merge2: [ '1.4.1' ],
436 silly audit   methods: [ '1.1.2' ],
436 silly audit   micromatch: [ '4.0.8' ],
436 silly audit   mime: [ '1.6.0' ],
436 silly audit   'mime-db': [ '1.52.0' ],
436 silly audit   'mime-types': [ '2.1.35' ],
436 silly audit   'mini-css-extract-plugin': [ '2.9.2' ],
436 silly audit   'minimalistic-assert': [ '1.0.1' ],
436 silly audit   minimatch: [ '3.1.2' ],
436 silly audit   minimist: [ '1.2.8' ],
436 silly audit   minipass: [ '3.3.6' ],
436 silly audit   mkdirp: [ '0.5.6' ],
436 silly audit   'module-alias': [ '2.2.3' ],
436 silly audit   mrmime: [ '2.0.0' ],
436 silly audit   'multicast-dns': [ '7.2.5' ],
436 silly audit   mz: [ '2.7.0' ],
436 silly audit   nanoid: [ '3.3.8' ],
436 silly audit   'neo-async': [ '2.6.2' ],
436 silly audit   'nice-try': [ '1.0.5' ],
436 silly audit   'no-case': [ '3.0.4' ],
436 silly audit   'node-fetch': [ '2.7.0' ],
436 silly audit   'node-forge': [ '1.3.1' ],
436 silly audit   'node-releases': [ '2.0.19' ],
436 silly audit   'normalize-package-data': [ '2.5.0' ],
436 silly audit   'normalize-path': [ '3.0.0', '1.0.0' ],
436 silly audit   'normalize-range': [ '0.1.2' ],
436 silly audit   'normalize-url': [ '6.1.0' ],
436 silly audit   'nth-check': [ '2.1.1' ],
436 silly audit   'object-assign': [ '4.1.1' ],
436 silly audit   'object-inspect': [ '1.13.3' ],
436 silly audit   'object-keys': [ '1.1.1' ],
436 silly audit   'object.assign': [ '4.1.7' ],
436 silly audit   obuf: [ '1.1.2' ],
436 silly audit   'on-finished': [ '2.4.1' ],
436 silly audit   'on-headers': [ '1.0.2' ],
436 silly audit   once: [ '1.4.0' ],
436 silly audit   open: [ '8.4.2' ],
436 silly audit   opener: [ '1.5.2' ],
436 silly audit   ora: [ '5.4.1' ],
436 silly audit   'p-finally': [ '1.0.0' ],
436 silly audit   'p-limit': [ '2.3.0' ],
436 silly audit   'p-locate': [ '4.1.0' ],
436 silly audit   'p-retry': [ '4.6.2' ],
436 silly audit   'p-try': [ '2.2.0' ],
436 silly audit   'param-case': [ '3.0.4' ],
436 silly audit   'parent-module': [ '1.0.1' ],
436 silly audit   'parse-json': [ '5.2.0' ],
436 silly audit   parse5: [ '5.1.1', '6.0.1' ],
436 silly audit   'parse5-htmlparser2-tree-adapter': [ '6.0.1' ],
436 silly audit   parseurl: [ '1.3.3' ],
436 silly audit   'pascal-case': [ '3.1.2' ],
436 silly audit   'path-exists': [ '4.0.0' ],
436 silly audit   'path-is-absolute': [ '1.0.1' ],
436 silly audit   'path-parse': [ '1.0.7' ],
436 silly audit   'path-to-regexp': [ '0.1.12' ],
436 silly audit   'path-type': [ '4.0.0' ],
436 silly audit   picomatch: [ '2.3.1' ],
436 silly audit   'pkg-dir': [ '4.2.0' ],
436 silly audit   portfinder: [ '1.0.32' ],
436 silly audit   'postcss-calc': [ '8.2.4' ],
436 silly audit   'postcss-colormin': [ '5.3.1' ],
436 silly audit   'postcss-convert-values': [ '5.1.3' ],
436 silly audit   'postcss-discard-comments': [ '5.1.2' ],
436 silly audit   'postcss-discard-duplicates': [ '5.1.0' ],
436 silly audit   'postcss-discard-empty': [ '5.1.1' ],
436 silly audit   'postcss-discard-overridden': [ '5.1.0' ],
436 silly audit   'postcss-loader': [ '6.2.1' ],
436 silly audit   'postcss-merge-longhand': [ '5.1.7' ],
436 silly audit   'postcss-merge-rules': [ '5.1.4' ],
436 silly audit   'postcss-minify-font-values': [ '5.1.0' ],
436 silly audit   'postcss-minify-gradients': [ '5.1.1' ],
436 silly audit   'postcss-minify-params': [ '5.1.4' ],
436 silly audit   'postcss-minify-selectors': [ '5.2.1' ],
436 silly audit   'postcss-modules-extract-imports': [ '3.1.0' ],
436 silly audit   'postcss-modules-local-by-default': [ '4.2.0' ],
436 silly audit   'postcss-selector-parser': [ '7.0.0', '6.1.2' ],
436 silly audit   'postcss-modules-scope': [ '3.2.1' ],
436 silly audit   'postcss-modules-values': [ '4.0.0' ],
436 silly audit   'postcss-normalize-charset': [ '5.1.0' ],
436 silly audit   'postcss-normalize-display-values': [ '5.1.0' ],
436 silly audit   'postcss-normalize-positions': [ '5.1.1' ],
436 silly audit   'postcss-normalize-repeat-style': [ '5.1.1' ],
436 silly audit   'postcss-normalize-string': [ '5.1.0' ],
436 silly audit   'postcss-normalize-timing-functions': [ '5.1.0' ],
436 silly audit   'postcss-normalize-unicode': [ '5.1.1' ],
436 silly audit   'postcss-normalize-url': [ '5.1.0' ],
436 silly audit   'postcss-normalize-whitespace': [ '5.1.1' ],
436 silly audit   'postcss-ordered-values': [ '5.1.3' ],
436 silly audit   'postcss-reduce-initial': [ '5.1.2' ],
436 silly audit   'postcss-reduce-transforms': [ '5.1.0' ],
436 silly audit   'postcss-svgo': [ '5.1.0' ],
436 silly audit   'postcss-unique-selectors': [ '5.1.1' ],
436 silly audit   'postcss-value-parser': [ '4.2.0' ],
436 silly audit   prettier: [ '2.8.8' ],
436 silly audit   'pretty-error': [ '4.0.0' ],
436 silly audit   'process-nextick-args': [ '2.0.1' ],
436 silly audit   'progress-webpack-plugin': [ '1.0.16' ],
436 silly audit   'proxy-addr': [ '2.0.7' ],
436 silly audit   pseudomap: [ '1.0.2' ],
436 silly audit   pump: [ '3.0.2' ],
436 silly audit   punycode: [ '2.3.1' ],
436 silly audit   qs: [ '6.13.0' ],
436 silly audit   'queue-microtask': [ '1.2.3' ],
436 silly audit   randombytes: [ '2.1.0' ],
436 silly audit   'range-parser': [ '1.2.1' ],
436 silly audit   'raw-body': [ '2.5.2' ],
436 silly audit   'read-pkg': [ '5.2.0' ],
436 silly audit   'read-pkg-up': [ '7.0.1' ],
436 silly audit   'type-fest': [ '0.8.1', '0.6.0', '0.20.2' ],
436 silly audit   readdirp: [ '3.6.0' ],
436 silly audit   regenerate: [ '1.4.2' ],
436 silly audit   'regenerate-unicode-properties': [ '10.2.0' ],
436 silly audit   'regenerator-runtime': [ '0.14.1' ],
436 silly audit   'regenerator-transform': [ '0.15.2' ],
436 silly audit   'regexpu-core': [ '6.2.0' ],
436 silly audit   regjsgen: [ '0.8.0' ],
436 silly audit   regjsparser: [ '0.12.0' ],
436 silly audit   relateurl: [ '0.2.7' ],
436 silly audit   renderkid: [ '3.0.0' ],
436 silly audit   'require-directory': [ '2.1.1' ],
436 silly audit   'require-from-string': [ '2.0.2' ],
436 silly audit   'requires-port': [ '1.0.0' ],
436 silly audit   resolve: [ '1.22.10' ],
436 silly audit   'resolve-from': [ '4.0.0' ],
436 silly audit   retry: [ '0.13.1' ],
436 silly audit   reusify: [ '1.0.4' ],
436 silly audit   rimraf: [ '3.0.2' ],
436 silly audit   'run-parallel': [ '1.2.0' ],
436 silly audit   'safer-buffer': [ '2.1.2' ],
436 silly audit   'select-hose': [ '2.0.0' ],
436 silly audit   selfsigned: [ '2.4.1' ],
436 silly audit   send: [ '0.19.0' ],
436 silly audit   'serialize-javascript': [ '6.0.2' ],
436 silly audit   'serve-index': [ '1.9.1' ],
436 silly audit   setprototypeof: [ '1.1.0', '1.2.0' ],
436 silly audit   statuses: [ '1.5.0', '2.0.1' ],
436 silly audit   'serve-static': [ '1.16.2' ],
436 silly audit   'set-function-length': [ '1.2.2' ],
436 silly audit   'shallow-clone': [ '3.0.1' ],
436 silly audit   'shell-quote': [ '1.8.2' ],
436 silly audit   'side-channel': [ '1.1.0' ],
436 silly audit   'side-channel-list': [ '1.0.0' ],
436 silly audit   'side-channel-map': [ '1.0.1' ],
436 silly audit   'side-channel-weakmap': [ '1.0.2' ],
436 silly audit   'signal-exit': [ '3.0.7' ],
436 silly audit   sirv: [ '2.0.4' ],
436 silly audit   slash: [ '3.0.0' ],
436 silly audit   sockjs: [ '0.3.24' ],
436 silly audit   'source-map': [ '0.6.1' ],
436 silly audit   'source-map-js': [ '1.2.1' ],
436 silly audit   'source-map-support': [ '0.5.21' ],
436 silly audit   'spdx-correct': [ '3.2.0' ],
436 silly audit   'spdx-exceptions': [ '2.5.0' ],
436 silly audit   'spdx-expression-parse': [ '3.0.1' ],
436 silly audit   'spdx-license-ids': [ '3.0.21' ],
436 silly audit   spdy: [ '4.0.2' ],
436 silly audit   'spdy-transport': [ '3.0.0' ],
436 silly audit   ssri: [ '8.0.1' ],
436 silly audit   stable: [ '0.1.8' ],
436 silly audit   stackframe: [ '1.3.4' ],
436 silly audit   'strip-eof': [ '1.0.0' ],
436 silly audit   'strip-final-newline': [ '2.0.0' ],
436 silly audit   'strip-indent': [ '2.0.0' ],
436 silly audit   stylehacks: [ '5.1.1' ],
436 silly audit   'supports-preserve-symlinks-flag': [ '1.0.0' ],
436 silly audit   'svg-tags': [ '1.0.0' ],
436 silly audit   svgo: [ '2.8.0' ],
436 silly audit   tapable: [ '2.2.1' ],
436 silly audit   terser: [ '5.37.0' ],
436 silly audit   'terser-webpack-plugin': [ '5.3.11' ],
436 silly audit   thenify: [ '3.3.1' ],
436 silly audit   'thenify-all': [ '1.6.0' ],
436 silly audit   'thread-loader': [ '3.0.4' ],
436 silly audit   thunky: [ '1.1.0' ],
436 silly audit   'to-regex-range': [ '5.0.1' ],
436 silly audit   toidentifier: [ '1.0.1' ],
436 silly audit   totalist: [ '3.0.1' ],
436 silly audit   tr46: [ '0.0.3' ],
436 silly audit   tslib: [ '2.8.1' ],
436 silly audit   'type-is': [ '1.6.18' ],
436 silly audit   'undici-types': [ '6.20.0' ],
436 silly audit   'unicode-canonical-property-names-ecmascript': [ '2.0.1' ],
436 silly audit   'unicode-match-property-ecmascript': [ '2.0.0' ],
436 silly audit   'unicode-match-property-value-ecmascript': [ '2.2.0' ],
436 silly audit   'unicode-property-aliases-ecmascript': [ '2.1.0' ],
436 silly audit   universalify: [ '2.0.1' ],
436 silly audit   unpipe: [ '1.0.0' ],
436 silly audit   'update-browserslist-db': [ '1.1.2' ],
436 silly audit   'uri-js': [ '4.4.1' ],
436 silly audit   'util-deprecate': [ '1.0.2' ],
436 silly audit   utila: [ '0.4.0' ],
436 silly audit   'utils-merge': [ '1.0.1' ],
436 silly audit   uuid: [ '8.3.2' ],
436 silly audit   'validate-npm-package-license': [ '3.0.4' ],
436 silly audit   vary: [ '1.1.2' ],
436 silly audit   'vue-hot-reload-api': [ '2.3.4' ],
436 silly audit   'vue-style-loader': [ '4.1.3' ],
436 silly audit   'vue-template-es2015-compiler': [ '1.9.1' ],
436 silly audit   watchpack: [ '2.4.2' ],
436 silly audit   wbuf: [ '1.7.3' ],
436 silly audit   wcwidth: [ '1.0.1' ],
436 silly audit   'webidl-conversions': [ '3.0.1' ],
436 silly audit   webpack: [ '5.97.1' ],
436 silly audit   'webpack-bundle-analyzer': [ '4.10.2' ],
436 silly audit   'webpack-chain': [ '6.5.1' ],
436 silly audit   'webpack-dev-middleware': [ '5.3.4' ],
436 silly audit   'webpack-dev-server': [ '4.15.2' ],
436 silly audit   ws: [ '8.18.0', '7.5.10' ],
436 silly audit   'webpack-merge': [ '5.10.0' ],
436 silly audit   'webpack-sources': [ '3.2.3' ],
436 silly audit   'webpack-virtual-modules': [ '0.4.6' ],
436 silly audit   'websocket-driver': [ '0.7.4' ],
436 silly audit   'websocket-extensions': [ '0.1.4' ],
436 silly audit   'whatwg-fetch': [ '3.6.20' ],
436 silly audit   'whatwg-url': [ '5.0.0' ],
436 silly audit   wildcard: [ '2.0.1' ],
436 silly audit   wrappy: [ '1.0.2' ],
436 silly audit   y18n: [ '5.0.8' ],
436 silly audit   yaml: [ '1.10.2' ],
436 silly audit   yargs: [ '16.2.0' ],
436 silly audit   'yargs-parser': [ '20.2.9' ],
436 silly audit   yorkie: [ '2.0.0' ],
436 silly audit   '@babel/eslint-parser': [ '7.26.5' ],
436 silly audit   eslint: [ '7.32.0' ],
436 silly audit   'eslint-plugin-vue': [ '8.7.1' ],
436 silly audit   vue: [ '2.7.16' ],
436 silly audit   'vue-template-compiler': [ '2.7.16' ],
436 silly audit   '@nicolo-ribaudo/eslint-scope-5-internals': [ '5.1.1-v1' ],
436 silly audit   'eslint-visitor-keys': [ '2.1.0', '1.3.0', '3.4.3' ],
436 silly audit   '@eslint/eslintrc': [ '0.4.3' ],
436 silly audit   '@humanwhocodes/config-array': [ '0.5.0' ],
436 silly audit   doctrine: [ '3.0.0' ],
436 silly audit   enquirer: [ '2.4.1' ],
436 silly audit   'eslint-utils': [ '2.1.0', '3.0.0' ],
436 silly audit   espree: [ '7.3.1', '9.6.1' ],
436 silly audit   esquery: [ '1.6.0' ],
436 silly audit   'file-entry-cache': [ '6.0.1' ],
436 silly audit   'functional-red-black-tree': [ '1.0.1' ],
436 silly audit   imurmurhash: [ '0.1.4' ],
436 silly audit   'js-yaml': [ '3.14.1' ],
436 silly audit   'json-stable-stringify-without-jsonify': [ '1.0.1' ],
436 silly audit   levn: [ '0.4.1' ],
436 silly audit   'lodash.merge': [ '4.6.2' ],
436 silly audit   'natural-compare': [ '1.4.0' ],
436 silly audit   optionator: [ '0.9.4' ],
436 silly audit   progress: [ '2.0.3' ],
436 silly audit   regexpp: [ '3.2.0' ],
436 silly audit   'strip-json-comments': [ '3.1.1' ],
436 silly audit   table: [ '6.9.0' ],
436 silly audit   'text-table': [ '0.2.0' ],
436 silly audit   'v8-compile-cache': [ '2.4.0' ],
436 silly audit   '@humanwhocodes/object-schema': [ '1.2.1' ],
436 silly audit   'ansi-colors': [ '4.1.3' ],
436 silly audit   'vue-eslint-parser': [ '8.3.0' ],
436 silly audit   'acorn-jsx': [ '5.3.2' ],
436 silly audit   'flat-cache': [ '3.2.0' ],
436 silly audit   flatted: [ '3.3.2' ],
436 silly audit   keyv: [ '4.5.4' ],
436 silly audit   argparse: [ '1.0.10' ],
436 silly audit   esprima: [ '4.0.1' ],
436 silly audit   'sprintf-js': [ '1.0.3' ],
436 silly audit   'json-buffer': [ '3.0.1' ],
436 silly audit   'prelude-ls': [ '1.2.1' ],
436 silly audit   'type-check': [ '0.4.0' ],
436 silly audit   'deep-is': [ '0.1.4' ],
436 silly audit   'fast-levenshtein': [ '2.0.6' ],
436 silly audit   'word-wrap': [ '1.2.5' ],
436 silly audit   'lodash.truncate': [ '4.4.2' ],
436 silly audit   'slice-ansi': [ '4.0.0' ],
436 silly audit   'astral-regex': [ '2.0.0' ],
436 silly audit   csstype: [ '3.1.3' ],
436 silly audit   'de-indent': [ '1.0.2' ],
436 silly audit   '@babel/highlight': [ '7.25.9' ]
436 silly audit }
437 verbose reify failed optional dependency D:\Projects\jules-portfolio-v4\node_modules\fsevents
438 silly reify mark deleted [ 'D:\\Projects\\jules-portfolio-v4\\node_modules\\fsevents' ]
439 silly tarball no local data for csstype@https://registry.npmmirror.com/csstype/-/csstype-3.1.3.tgz. Extracting by manifest.
440 silly tarball no local data for @babel/highlight@https://registry.npmmirror.com/@babel/highlight/-/highlight-7.25.9.tgz. Extracting by manifest.
441 silly tarball no local data for de-indent@https://registry.npmmirror.com/de-indent/-/de-indent-1.0.2.tgz. Extracting by manifest.
442 silly tarball no local data for astral-regex@https://registry.npmmirror.com/astral-regex/-/astral-regex-2.0.0.tgz. Extracting by manifest.
443 silly tarball no local data for fast-levenshtein@https://registry.npmmirror.com/fast-levenshtein/-/fast-levenshtein-2.0.6.tgz. Extracting by manifest.
444 silly tarball no local data for word-wrap@https://registry.npmmirror.com/word-wrap/-/word-wrap-1.2.5.tgz. Extracting by manifest.
445 silly tarball no local data for lodash.truncate@https://registry.npmmirror.com/lodash.truncate/-/lodash.truncate-4.4.2.tgz. Extracting by manifest.
446 silly tarball no local data for slice-ansi@https://registry.npmmirror.com/slice-ansi/-/slice-ansi-4.0.0.tgz. Extracting by manifest.
447 silly tarball no local data for type-check@https://registry.npmmirror.com/type-check/-/type-check-0.4.0.tgz. Extracting by manifest.
448 silly tarball no local data for deep-is@https://registry.npmmirror.com/deep-is/-/deep-is-0.1.4.tgz. Extracting by manifest.
449 silly tarball no local data for prelude-ls@https://registry.npmmirror.com/prelude-ls/-/prelude-ls-1.2.1.tgz. Extracting by manifest.
450 silly tarball no local data for json-buffer@https://registry.npmmirror.com/json-buffer/-/json-buffer-3.0.1.tgz. Extracting by manifest.
451 silly tarball no local data for sprintf-js@https://registry.npmmirror.com/sprintf-js/-/sprintf-js-1.0.3.tgz. Extracting by manifest.
452 silly tarball no local data for esprima@https://registry.npmmirror.com/esprima/-/esprima-4.0.1.tgz. Extracting by manifest.
453 silly tarball no local data for argparse@https://registry.npmmirror.com/argparse/-/argparse-1.0.10.tgz. Extracting by manifest.
454 silly tarball no local data for keyv@https://registry.npmmirror.com/keyv/-/keyv-4.5.4.tgz. Extracting by manifest.
455 silly tarball no local data for flatted@https://registry.npmmirror.com/flatted/-/flatted-3.3.2.tgz. Extracting by manifest.
456 silly tarball no local data for acorn-jsx@https://registry.npmmirror.com/acorn-jsx/-/acorn-jsx-5.3.2.tgz. Extracting by manifest.
457 silly tarball no local data for flat-cache@https://registry.npmmirror.com/flat-cache/-/flat-cache-3.2.0.tgz. Extracting by manifest.
458 silly tarball no local data for vue-eslint-parser@https://registry.npmmirror.com/vue-eslint-parser/-/vue-eslint-parser-8.3.0.tgz. Extracting by manifest.
459 silly tarball no local data for ansi-colors@https://registry.npmmirror.com/ansi-colors/-/ansi-colors-4.1.3.tgz. Extracting by manifest.
460 silly tarball no local data for v8-compile-cache@https://registry.npmmirror.com/v8-compile-cache/-/v8-compile-cache-2.4.0.tgz. Extracting by manifest.
461 silly tarball no local data for @humanwhocodes/object-schema@https://registry.npmmirror.com/@humanwhocodes/object-schema/-/object-schema-1.2.1.tgz. Extracting by manifest.
462 silly tarball no local data for text-table@https://registry.npmmirror.com/text-table/-/text-table-0.2.0.tgz. Extracting by manifest.
463 silly tarball no local data for table@https://registry.npmmirror.com/table/-/table-6.9.0.tgz. Extracting by manifest.
464 silly tarball no local data for strip-json-comments@https://registry.npmmirror.com/strip-json-comments/-/strip-json-comments-3.1.1.tgz. Extracting by manifest.
465 silly tarball no local data for regexpp@https://registry.npmmirror.com/regexpp/-/regexpp-3.2.0.tgz. Extracting by manifest.
466 silly tarball no local data for progress@https://registry.npmmirror.com/progress/-/progress-2.0.3.tgz. Extracting by manifest.
467 silly tarball no local data for optionator@https://registry.npmmirror.com/optionator/-/optionator-0.9.4.tgz. Extracting by manifest.
468 silly tarball no local data for natural-compare@https://registry.npmmirror.com/natural-compare/-/natural-compare-1.4.0.tgz. Extracting by manifest.
469 silly tarball no local data for lodash.merge@https://registry.npmmirror.com/lodash.merge/-/lodash.merge-4.6.2.tgz. Extracting by manifest.
470 silly tarball no local data for levn@https://registry.npmmirror.com/levn/-/levn-0.4.1.tgz. Extracting by manifest.
471 silly tarball no local data for js-yaml@https://registry.npmmirror.com/js-yaml/-/js-yaml-3.14.1.tgz. Extracting by manifest.
472 silly tarball no local data for json-stable-stringify-without-jsonify@https://registry.npmmirror.com/json-stable-stringify-without-jsonify/-/json-stable-stringify-without-jsonify-1.0.1.tgz. Extracting by manifest.
473 silly tarball no local data for imurmurhash@https://registry.npmmirror.com/imurmurhash/-/imurmurhash-0.1.4.tgz. Extracting by manifest.
474 silly tarball no local data for functional-red-black-tree@https://registry.npmmirror.com/functional-red-black-tree/-/functional-red-black-tree-1.0.1.tgz. Extracting by manifest.
475 silly tarball no local data for file-entry-cache@https://registry.npmmirror.com/file-entry-cache/-/file-entry-cache-6.0.1.tgz. Extracting by manifest.
476 silly tarball no local data for esquery@https://registry.npmmirror.com/esquery/-/esquery-1.6.0.tgz. Extracting by manifest.
477 silly tarball no local data for espree@https://registry.npmmirror.com/espree/-/espree-7.3.1.tgz. Extracting by manifest.
478 silly tarball no local data for eslint-utils@https://registry.npmmirror.com/eslint-utils/-/eslint-utils-2.1.0.tgz. Extracting by manifest.
479 silly tarball no local data for enquirer@https://registry.npmmirror.com/enquirer/-/enquirer-2.4.1.tgz. Extracting by manifest.
480 silly tarball no local data for doctrine@https://registry.npmmirror.com/doctrine/-/doctrine-3.0.0.tgz. Extracting by manifest.
481 silly tarball no local data for @humanwhocodes/config-array@https://registry.npmmirror.com/@humanwhocodes/config-array/-/config-array-0.5.0.tgz. Extracting by manifest.
482 silly tarball no local data for @eslint/eslintrc@https://registry.npmmirror.com/@eslint/eslintrc/-/eslintrc-0.4.3.tgz. Extracting by manifest.
483 silly tarball no local data for eslint-visitor-keys@https://registry.npmmirror.com/eslint-visitor-keys/-/eslint-visitor-keys-2.1.0.tgz. Extracting by manifest.
484 silly tarball no local data for @nicolo-ribaudo/eslint-scope-5-internals@https://registry.npmmirror.com/@nicolo-ribaudo/eslint-scope-5-internals/-/eslint-scope-5-internals-5.1.1-v1.tgz. Extracting by manifest.
485 silly tarball no local data for vue-template-compiler@https://registry.npmmirror.com/vue-template-compiler/-/vue-template-compiler-2.7.16.tgz. Extracting by manifest.
486 silly tarball no local data for vue@https://registry.npmmirror.com/vue/-/vue-2.7.16.tgz. Extracting by manifest.
487 silly tarball no local data for eslint-plugin-vue@https://registry.npmmirror.com/eslint-plugin-vue/-/eslint-plugin-vue-8.7.1.tgz. Extracting by manifest.
488 silly tarball no local data for eslint@https://registry.npmmirror.com/eslint/-/eslint-7.32.0.tgz. Extracting by manifest.
489 silly tarball no local data for @babel/eslint-parser@https://registry.npmmirror.com/@babel/eslint-parser/-/eslint-parser-7.26.5.tgz. Extracting by manifest.
490 silly tarball no local data for eslint-visitor-keys@https://registry.npmmirror.com/eslint-visitor-keys/-/eslint-visitor-keys-3.4.3.tgz. Extracting by manifest.
491 silly tarball no local data for eslint-scope@https://registry.npmmirror.com/eslint-scope/-/eslint-scope-7.2.2.tgz. Extracting by manifest.
492 silly tarball no local data for espree@https://registry.npmmirror.com/espree/-/espree-9.6.1.tgz. Extracting by manifest.
493 silly tarball no local data for eslint-visitor-keys@https://registry.npmmirror.com/eslint-visitor-keys/-/eslint-visitor-keys-1.3.0.tgz. Extracting by manifest.
494 silly tarball no local data for eslint-visitor-keys@https://registry.npmmirror.com/eslint-visitor-keys/-/eslint-visitor-keys-1.3.0.tgz. Extracting by manifest.
495 silly tarball no local data for acorn@https://registry.npmmirror.com/acorn/-/acorn-7.4.1.tgz. Extracting by manifest.
496 silly tarball no local data for type-fest@https://registry.npmmirror.com/type-fest/-/type-fest-0.20.2.tgz. Extracting by manifest.
497 silly tarball no local data for ignore@https://registry.npmmirror.com/ignore/-/ignore-4.0.6.tgz. Extracting by manifest.
498 silly tarball no local data for globals@https://registry.npmmirror.com/globals/-/globals-13.24.0.tgz. Extracting by manifest.
499 silly tarball no local data for @vue/compiler-sfc@https://registry.npmmirror.com/@vue/compiler-sfc/-/compiler-sfc-2.7.16.tgz. Extracting by manifest.
500 silly tarball no local data for eslint-utils@https://registry.npmmirror.com/eslint-utils/-/eslint-utils-3.0.0.tgz. Extracting by manifest.
501 silly tarball no local data for type-fest@https://registry.npmmirror.com/type-fest/-/type-fest-0.20.2.tgz. Extracting by manifest.
502 silly tarball no local data for ignore@https://registry.npmmirror.com/ignore/-/ignore-4.0.6.tgz. Extracting by manifest.
503 silly tarball no local data for globals@https://registry.npmmirror.com/globals/-/globals-13.24.0.tgz. Extracting by manifest.
504 silly tarball no local data for @babel/code-frame@https://registry.npmmirror.com/@babel/code-frame/-/code-frame-7.12.11.tgz. Extracting by manifest.
505 http fetch POST 404 https://registry.npmmirror.com/-/npm/v1/security/advisories/bulk 103ms
506 silly audit bulk request failed [object Object]
507 http fetch GET 200 https://cdn.npmmirror.com/packages/de-indent/1.0.2/de-indent-1.0.2.tgz 525ms (cache miss)
508 http fetch GET 200 https://cdn.npmmirror.com/packages/astral-regex/2.0.0/astral-regex-2.0.0.tgz 568ms (cache miss)
509 http fetch GET 200 https://cdn.npmmirror.com/packages/argparse/1.0.10/argparse-1.0.10.tgz 597ms (cache miss)
510 http fetch GET 200 https://cdn.npmmirror.com/packages/csstype/3.1.3/csstype-3.1.3.tgz 799ms (cache miss)
511 http fetch GET 200 https://cdn.npmmirror.com/packages/keyv/4.5.4/keyv-4.5.4.tgz 891ms (cache miss)
512 http fetch GET 200 https://cdn.npmmirror.com/packages/slice-ansi/4.0.0/slice-ansi-4.0.0.tgz 898ms (cache miss)
513 http fetch GET 200 https://cdn.npmmirror.com/packages/json-buffer/3.0.1/json-buffer-3.0.1.tgz 931ms (cache miss)
514 http fetch GET 200 https://cdn.npmmirror.com/packages/word-wrap/1.2.5/word-wrap-1.2.5.tgz 941ms (cache miss)
515 http fetch GET 200 https://cdn.npmmirror.com/packages/type-check/0.4.0/type-check-0.4.0.tgz 965ms (cache miss)
516 http fetch GET 200 https://cdn.npmmirror.com/packages/lodash.truncate/4.4.2/lodash.truncate-4.4.2.tgz 968ms (cache miss)
517 http fetch GET 200 https://cdn.npmmirror.com/packages/prelude-ls/1.2.1/prelude-ls-1.2.1.tgz 970ms (cache miss)
518 http fetch GET 200 https://cdn.npmmirror.com/packages/esprima/4.0.1/esprima-4.0.1.tgz 980ms (cache miss)
519 http fetch GET 200 https://cdn.npmmirror.com/packages/flat-cache/3.2.0/flat-cache-3.2.0.tgz 994ms (cache miss)
520 http fetch GET 200 https://cdn.npmmirror.com/packages/ansi-colors/4.1.3/ansi-colors-4.1.3.tgz 1316ms (cache miss)
521 http fetch GET 200 https://cdn.npmmirror.com/packages/vue-eslint-parser/8.3.0/vue-eslint-parser-8.3.0.tgz 1341ms (cache miss)
522 http fetch GET 200 https://cdn.npmmirror.com/packages/%40humanwhocodes/object-schema/1.2.1/object-schema-1.2.1.tgz 1359ms (cache miss)
523 warn deprecated @humanwhocodes/object-schema@1.2.1: Use @eslint/object-schema instead
524 http fetch GET 200 https://cdn.npmmirror.com/packages/text-table/0.2.0/text-table-0.2.0.tgz 1370ms (cache miss)
525 http fetch GET 200 https://cdn.npmmirror.com/packages/strip-json-comments/3.1.1/strip-json-comments-3.1.1.tgz 1369ms (cache miss)
526 http fetch GET 200 https://cdn.npmmirror.com/packages/%40babel/highlight/7.25.9/highlight-7.25.9.tgz 1399ms (cache miss)
527 http fetch GET 200 https://cdn.npmmirror.com/packages/progress/2.0.3/progress-2.0.3.tgz 1408ms (cache miss)
528 http fetch GET 200 https://cdn.npmmirror.com/packages/table/6.9.0/table-6.9.0.tgz 1436ms (cache miss)
529 http fetch GET 200 https://cdn.npmmirror.com/packages/regexpp/3.2.0/regexpp-3.2.0.tgz 1498ms (cache miss)
530 http fetch GET 200 https://cdn.npmmirror.com/packages/natural-compare/1.4.0/natural-compare-1.4.0.tgz 1698ms (cache miss)
531 http fetch GET 200 https://cdn.npmmirror.com/packages/optionator/0.9.4/optionator-0.9.4.tgz 1716ms (cache miss)
532 http fetch GET 200 https://cdn.npmmirror.com/packages/levn/0.4.1/levn-0.4.1.tgz 1751ms (cache miss)
533 http fetch GET 200 https://cdn.npmmirror.com/packages/lodash.merge/4.6.2/lodash.merge-4.6.2.tgz 1760ms (cache miss)
534 http fetch GET 200 https://cdn.npmmirror.com/packages/json-stable-stringify-without-jsonify/1.0.1/json-stable-stringify-without-jsonify-1.0.1.tgz 1787ms (cache miss)
535 http fetch GET 200 https://cdn.npmmirror.com/packages/imurmurhash/0.1.4/imurmurhash-0.1.4.tgz 1810ms (cache miss)
536 http fetch GET 200 https://cdn.npmmirror.com/packages/functional-red-black-tree/1.0.1/functional-red-black-tree-1.0.1.tgz 1846ms (cache miss)
537 http fetch GET 200 https://cdn.npmmirror.com/packages/fast-levenshtein/2.0.6/fast-levenshtein-2.0.6.tgz 1891ms (cache miss)
538 http fetch GET 200 https://cdn.npmmirror.com/packages/js-yaml/3.14.1/js-yaml-3.14.1.tgz 1895ms (cache miss)
539 http fetch GET 200 https://cdn.npmmirror.com/packages/deep-is/0.1.4/deep-is-0.1.4.tgz 1902ms (cache miss)
540 http fetch GET 200 https://cdn.npmmirror.com/packages/acorn-jsx/5.3.2/acorn-jsx-5.3.2.tgz 1918ms (cache miss)
541 http fetch GET 200 https://cdn.npmmirror.com/packages/file-entry-cache/6.0.1/file-entry-cache-6.0.1.tgz 1963ms (cache miss)
542 http fetch GET 200 https://cdn.npmmirror.com/packages/flatted/3.3.2/flatted-3.3.2.tgz 2013ms (cache miss)
543 http fetch GET 200 https://cdn.npmmirror.com/packages/sprintf-js/1.0.3/sprintf-js-1.0.3.tgz 2035ms (cache miss)
544 http fetch GET 200 https://cdn.npmmirror.com/packages/esquery/1.6.0/esquery-1.6.0.tgz 2132ms (cache miss)
545 http fetch GET 200 https://cdn.npmmirror.com/packages/doctrine/3.0.0/doctrine-3.0.0.tgz 2190ms (cache miss)
546 http fetch GET 200 https://cdn.npmmirror.com/packages/eslint-utils/2.1.0/eslint-utils-2.1.0.tgz 2214ms (cache miss)
547 http fetch GET 200 https://cdn.npmmirror.com/packages/enquirer/2.4.1/enquirer-2.4.1.tgz 2233ms (cache miss)
548 http fetch GET 200 https://cdn.npmmirror.com/packages/eslint-visitor-keys/2.1.0/eslint-visitor-keys-2.1.0.tgz 2275ms (cache miss)
549 http fetch GET 200 https://cdn.npmmirror.com/packages/v8-compile-cache/2.4.0/v8-compile-cache-2.4.0.tgz 2305ms (cache miss)
550 http fetch GET 200 https://cdn.npmmirror.com/packages/vue-template-compiler/2.7.16/vue-template-compiler-2.7.16.tgz 2310ms (cache miss)
551 http fetch GET 200 https://cdn.npmmirror.com/packages/espree/7.3.1/espree-7.3.1.tgz 2396ms (cache miss)
552 http fetch GET 200 https://cdn.npmmirror.com/packages/%40babel/eslint-parser/7.26.5/eslint-parser-7.26.5.tgz 2488ms (cache miss)
553 http fetch GET 200 https://cdn.npmmirror.com/packages/eslint-visitor-keys/3.4.3/eslint-visitor-keys-3.4.3.tgz 2491ms (cache miss)
554 http fetch POST 404 https://registry.npmmirror.com/-/npm/v1/security/audits/quick 2269ms
555 verbose audit error HttpErrorGeneral: 404 Not Found - POST https://registry.npmmirror.com/-/npm/v1/security/audits/quick - [NOT_IMPLEMENTED] /-/npm/v1/security/* not implemented yet
555 verbose audit error     at C:\Users\JD Tobias\AppData\Roaming\npm\node_modules\npm\node_modules\npm-registry-fetch\lib\check-response.js:95:15
555 verbose audit error     at process.processTicksAndRejections (node:internal/process/task_queues:95:5)
555 verbose audit error     at async [getReport] (C:\Users\JD Tobias\AppData\Roaming\npm\node_modules\npm\node_modules\@npmcli\arborist\lib\audit-report.js:336:21)
555 verbose audit error     at async AuditReport.run (C:\Users\JD Tobias\AppData\Roaming\npm\node_modules\npm\node_modules\@npmcli\arborist\lib\audit-report.js:106:19) {
555 verbose audit error   headers: [Object: null prototype] {
555 verbose audit error     server: [ 'Tengine' ],
555 verbose audit error     date: [ 'Sun, 19 Jan 2025 12:21:20 GMT' ],
555 verbose audit error     'content-type': [ 'application/json' ],
555 verbose audit error     'transfer-encoding': [ 'chunked' ],
555 verbose audit error     connection: [ 'keep-alive' ],
555 verbose audit error     'strict-transport-security': [ 'max-age=5184000' ],
555 verbose audit error     via: [ 'ens-cache2.ph11[,404666]' ],
555 verbose audit error     'timing-allow-origin': [ '*' ],
555 verbose audit error     eagleid: [ '9c3b769617372892806115698e' ],
555 verbose audit error     'x-fetch-attempts': [ '1' ]
555 verbose audit error   },
555 verbose audit error   statusCode: 404,
555 verbose audit error   code: 'E404',
555 verbose audit error   method: 'POST',
555 verbose audit error   uri: 'https://registry.npmmirror.com/-/npm/v1/security/audits/quick',
555 verbose audit error   body: {
555 verbose audit error     error: '[NOT_IMPLEMENTED] /-/npm/v1/security/* not implemented yet'
555 verbose audit error   },
555 verbose audit error   pkgid: undefined
555 verbose audit error }
556 silly audit error [object Object]
557 silly audit report null
558 http fetch GET 200 https://cdn.npmmirror.com/packages/eslint-scope/7.2.2/eslint-scope-7.2.2.tgz 2605ms (cache miss)
559 http fetch GET 200 https://cdn.npmmirror.com/packages/eslint-visitor-keys/1.3.0/eslint-visitor-keys-1.3.0.tgz 2607ms (cache miss)
560 http fetch GET 200 https://cdn.npmmirror.com/packages/espree/9.6.1/espree-9.6.1.tgz 2655ms (cache miss)
561 http fetch GET 200 https://cdn.npmmirror.com/packages/eslint-plugin-vue/8.7.1/eslint-plugin-vue-8.7.1.tgz 2789ms (cache miss)
562 http fetch GET 200 https://cdn.npmmirror.com/packages/globals/13.24.0/globals-13.24.0.tgz 2789ms (cache miss)
563 http fetch GET 200 https://cdn.npmmirror.com/packages/ignore/4.0.6/ignore-4.0.6.tgz 2807ms (cache miss)
564 http fetch GET 200 https://cdn.npmmirror.com/packages/type-fest/0.20.2/type-fest-0.20.2.tgz 2817ms (cache miss)
565 http fetch GET 200 https://cdn.npmmirror.com/packages/acorn/7.4.1/acorn-7.4.1.tgz 2819ms (cache miss)
566 http fetch GET 200 https://cdn.npmmirror.com/packages/eslint-utils/3.0.0/eslint-utils-3.0.0.tgz 2861ms (cache miss)
567 http fetch GET 200 https://cdn.npmmirror.com/packages/eslint-visitor-keys/1.3.0/eslint-visitor-keys-1.3.0.tgz 3064ms (cache hit)
568 http fetch GET 200 https://cdn.npmmirror.com/packages/%40babel/code-frame/7.12.11/code-frame-7.12.11.tgz 3062ms (cache miss)
569 http fetch GET 200 https://cdn.npmmirror.com/packages/type-fest/0.20.2/type-fest-0.20.2.tgz 3068ms (cache hit)
570 http fetch GET 200 https://cdn.npmmirror.com/packages/ignore/4.0.6/ignore-4.0.6.tgz 3117ms (cache hit)
571 http fetch GET 200 https://cdn.npmmirror.com/packages/globals/13.24.0/globals-13.24.0.tgz 3120ms (cache hit)
572 http fetch GET 200 https://cdn.npmmirror.com/packages/%40humanwhocodes/config-array/0.5.0/config-array-0.5.0.tgz 3237ms (cache miss)
573 warn deprecated @humanwhocodes/config-array@0.5.0: Use @eslint/config-array instead
574 http fetch GET 200 https://cdn.npmmirror.com/packages/%40eslint/eslintrc/0.4.3/eslintrc-0.4.3.tgz 3262ms (cache miss)
575 http fetch GET 200 https://cdn.npmmirror.com/packages/eslint/7.32.0/eslint-7.32.0.tgz 3273ms (cache miss)
576 warn deprecated eslint@7.32.0: This version is no longer supported. Please see https://eslint.org/version-support for other options.
577 http fetch GET 200 https://cdn.npmmirror.com/packages/%40nicolo-ribaudo/eslint-scope-5-internals/5.1.1-v1/eslint-scope-5-internals-5.1.1-v1.tgz 4050ms (cache miss)
578 http fetch GET 200 https://cdn.npmmirror.com/packages/vue/2.7.16/vue-2.7.16.tgz 4215ms (cache miss)
579 warn deprecated vue@2.7.16: Vue 2 has reached EOL and is no longer actively maintained. See https://v2.vuejs.org/eol/ for more details.
580 http fetch GET 200 https://cdn.npmmirror.com/packages/%40vue/compiler-sfc/2.7.16/compiler-sfc-2.7.16.tgz 5562ms (cache miss)
581 silly ADD node_modules/@babel/highlight
582 silly ADD node_modules/@babel/highlight/node_modules/has-flag
583 silly ADD node_modules/@babel/highlight/node_modules/color-name
584 silly ADD node_modules/@babel/highlight/node_modules/color-convert
585 silly ADD node_modules/@babel/highlight/node_modules/supports-color
586 silly ADD node_modules/@babel/highlight/node_modules/ansi-styles
587 silly ADD node_modules/@babel/highlight/node_modules/chalk
588 silly ADD node_modules/de-indent
589 silly ADD node_modules/csstype
590 silly ADD node_modules/astral-regex
591 silly ADD node_modules/slice-ansi
592 silly ADD node_modules/lodash.truncate
593 silly ADD node_modules/word-wrap
594 silly ADD node_modules/fast-levenshtein
595 silly ADD node_modules/deep-is
596 silly ADD node_modules/type-check
597 silly ADD node_modules/prelude-ls
598 silly ADD node_modules/json-buffer
599 silly ADD node_modules/sprintf-js
600 silly ADD node_modules/esprima
601 silly ADD node_modules/argparse
602 silly ADD node_modules/keyv
603 silly ADD node_modules/flatted
604 silly ADD node_modules/flat-cache
605 silly ADD node_modules/acorn-jsx
606 silly ADD node_modules/vue-eslint-parser
607 silly ADD node_modules/vue-eslint-parser/node_modules/estraverse
608 silly ADD node_modules/vue-eslint-parser/node_modules/semver
609 silly ADD node_modules/vue-eslint-parser/node_modules/espree
610 silly ADD node_modules/vue-eslint-parser/node_modules/eslint-visitor-keys
611 silly ADD node_modules/vue-eslint-parser/node_modules/eslint-scope
612 silly ADD node_modules/ansi-colors
613 silly ADD node_modules/@humanwhocodes/object-schema
614 silly ADD node_modules/v8-compile-cache
615 silly ADD node_modules/text-table
616 silly ADD node_modules/table
617 silly ADD node_modules/table/node_modules/json-schema-traverse
618 silly ADD node_modules/table/node_modules/ajv
619 silly ADD node_modules/strip-json-comments
620 silly ADD node_modules/regexpp
621 silly ADD node_modules/progress
622 silly ADD node_modules/optionator
623 silly ADD node_modules/natural-compare
624 silly ADD node_modules/lodash.merge
625 silly ADD node_modules/levn
626 silly ADD node_modules/json-stable-stringify-without-jsonify
627 silly ADD node_modules/js-yaml
628 silly ADD node_modules/imurmurhash
629 silly ADD node_modules/functional-red-black-tree
630 silly ADD node_modules/file-entry-cache
631 silly ADD node_modules/esquery
632 silly ADD node_modules/esquery/node_modules/estraverse
633 silly ADD node_modules/espree
634 silly ADD node_modules/espree/node_modules/eslint-visitor-keys
635 silly ADD node_modules/espree/node_modules/acorn
636 silly ADD node_modules/eslint-utils
637 silly ADD node_modules/eslint-utils/node_modules/eslint-visitor-keys
638 silly ADD node_modules/enquirer
639 silly ADD node_modules/doctrine
640 silly ADD node_modules/@humanwhocodes/config-array
641 silly ADD node_modules/@eslint/eslintrc
642 silly ADD node_modules/@eslint/eslintrc/node_modules/type-fest
643 silly ADD node_modules/@eslint/eslintrc/node_modules/ignore
644 silly ADD node_modules/@eslint/eslintrc/node_modules/globals
645 silly ADD node_modules/eslint-visitor-keys
646 silly ADD node_modules/@nicolo-ribaudo/eslint-scope-5-internals
647 silly ADD node_modules/vue-template-compiler
648 silly ADD node_modules/vue
649 silly ADD node_modules/vue/node_modules/@vue/compiler-sfc
650 silly ADD node_modules/eslint-plugin-vue
651 silly ADD node_modules/eslint-plugin-vue/node_modules/semver
652 silly ADD node_modules/eslint-plugin-vue/node_modules/eslint-utils
653 silly ADD node_modules/eslint
654 silly ADD node_modules/eslint/node_modules/shebang-regex
655 silly ADD node_modules/eslint/node_modules/type-fest
656 silly ADD node_modules/eslint/node_modules/which
657 silly ADD node_modules/eslint/node_modules/shebang-command
658 silly ADD node_modules/eslint/node_modules/path-key
659 silly ADD node_modules/eslint/node_modules/semver
660 silly ADD node_modules/eslint/node_modules/ignore
661 silly ADD node_modules/eslint/node_modules/globals
662 silly ADD node_modules/eslint/node_modules/glob-parent
663 silly ADD node_modules/eslint/node_modules/escape-string-regexp
664 silly ADD node_modules/eslint/node_modules/cross-spawn
665 silly ADD node_modules/eslint/node_modules/chalk
666 silly ADD node_modules/eslint/node_modules/@babel/code-frame
667 silly ADD node_modules/@babel/eslint-parser
668 silly ADD
669 verbose cwd D:\Projects\jules-portfolio-v4
670 verbose os Windows_NT 10.0.19045
671 verbose node v21.7.3
672 verbose npm  v10.8.3
673 verbose exit 0
674 info ok
